mode: set
github.com/Smart-Vision-Works/svw_mono/stage_linmot_ct/command_table.go:33.24,39.2 1 0
github.com/Smart-Vision-Works/svw_mono/stage_linmot_ct/command_table.go:42.95,52.2 1 0
github.com/Smart-Vision-Works/svw_mono/stage_linmot_ct/command_table.go:55.97,56.18 1 0
github.com/Smart-Vision-Works/svw_mono/stage_linmot_ct/command_table.go:56.18,58.3 1 0
github.com/Smart-Vision-Works/svw_mono/stage_linmot_ct/command_table.go:60.2,60.16 1 0
github.com/Smart-Vision-Works/svw_mono/stage_linmot_ct/command_table.go:60.16,62.3 1 0
github.com/Smart-Vision-Works/svw_mono/stage_linmot_ct/command_table.go:65.2,65.26 1 0
github.com/Smart-Vision-Works/svw_mono/stage_linmot_ct/command_table.go:65.26,66.60 1 0
github.com/Smart-Vision-Works/svw_mono/stage_linmot_ct/command_table.go:66.60,68.4 1 0
github.com/Smart-Vision-Works/svw_mono/stage_linmot_ct/command_table.go:72.2,72.45 1 0
github.com/Smart-Vision-Works/svw_mono/stage_linmot_ct/command_table.go:72.45,73.31 1 0
github.com/Smart-Vision-Works/svw_mono/stage_linmot_ct/command_table.go:73.31,75.4 1 0
github.com/Smart-Vision-Works/svw_mono/stage_linmot_ct/command_table.go:79.2,86.12 5 0
github.com/Smart-Vision-Works/svw_mono/stage_linmot_ct/command_table.go:90.91,91.18 1 0
github.com/Smart-Vision-Works/svw_mono/stage_linmot_ct/command_table.go:91.18,93.3 1 0
github.com/Smart-Vision-Works/svw_mono/stage_linmot_ct/command_table.go:96.2,96.37 1 0
github.com/Smart-Vision-Works/svw_mono/stage_linmot_ct/command_table.go:96.37,97.22 1 0
github.com/Smart-Vision-Works/svw_mono/stage_linmot_ct/command_table.go:97.22,101.4 3 0
github.com/Smart-Vision-Works/svw_mono/stage_linmot_ct/command_table.go:104.2,104.58 1 0
github.com/Smart-Vision-Works/svw_mono/stage_linmot_ct/command_table.go:108.111,109.18 1 0
github.com/Smart-Vision-Works/svw_mono/stage_linmot_ct/command_table.go:109.18,111.3 1 0
github.com/Smart-Vision-Works/svw_mono/stage_linmot_ct/command_table.go:113.2,113.16 1 0
github.com/Smart-Vision-Works/svw_mono/stage_linmot_ct/command_table.go:113.16,115.3 1 0
github.com/Smart-Vision-Works/svw_mono/stage_linmot_ct/command_table.go:118.2,118.26 1 0
github.com/Smart-Vision-Works/svw_mono/stage_linmot_ct/command_table.go:118.26,119.60 1 0
github.com/Smart-Vision-Works/svw_mono/stage_linmot_ct/command_table.go:119.60,121.4 1 0
github.com/Smart-Vision-Works/svw_mono/stage_linmot_ct/command_table.go:125.2,125.45 1 0
github.com/Smart-Vision-Works/svw_mono/stage_linmot_ct/command_table.go:125.45,126.30 1 0
github.com/Smart-Vision-Works/svw_mono/stage_linmot_ct/command_table.go:126.30,132.4 5 0
github.com/Smart-Vision-Works/svw_mono/stage_linmot_ct/command_table.go:135.2,135.58 1 0
github.com/Smart-Vision-Works/svw_mono/stage_linmot_ct/command_table.go:139.106,140.18 1 0
github.com/Smart-Vision-Works/svw_mono/stage_linmot_ct/command_table.go:140.18,142.3 1 0
github.com/Smart-Vision-Works/svw_mono/stage_linmot_ct/command_table.go:144.2,144.37 1 0
github.com/Smart-Vision-Works/svw_mono/stage_linmot_ct/command_table.go:144.37,145.22 1 0
github.com/Smart-Vision-Works/svw_mono/stage_linmot_ct/command_table.go:145.22,147.4 1 0
github.com/Smart-Vision-Works/svw_mono/stage_linmot_ct/command_table.go:150.2,150.63 1 0
github.com/Smart-Vision-Works/svw_mono/stage_linmot_ct/command_table.go:154.80,155.18 1 0
github.com/Smart-Vision-Works/svw_mono/stage_linmot_ct/command_table.go:155.18,157.3 1 0
github.com/Smart-Vision-Works/svw_mono/stage_linmot_ct/command_table.go:159.2,159.26 1 0
github.com/Smart-Vision-Works/svw_mono/stage_linmot_ct/command_table.go:159.26,161.3 1 0
github.com/Smart-Vision-Works/svw_mono/stage_linmot_ct/command_table.go:164.2,164.37 1 0
github.com/Smart-Vision-Works/svw_mono/stage_linmot_ct/command_table.go:164.37,165.61 1 0
github.com/Smart-Vision-Works/svw_mono/stage_linmot_ct/command_table.go:165.61,167.4 1 0
github.com/Smart-Vision-Works/svw_mono/stage_linmot_ct/command_table.go:171.2,171.63 1 0
github.com/Smart-Vision-Works/svw_mono/stage_linmot_ct/command_table.go:171.63,173.3 1 0
github.com/Smart-Vision-Works/svw_mono/stage_linmot_ct/command_table.go:176.2,176.69 1 0
github.com/Smart-Vision-Works/svw_mono/stage_linmot_ct/command_table.go:176.69,178.3 1 0
github.com/Smart-Vision-Works/svw_mono/stage_linmot_ct/command_table.go:180.2,180.12 1 0
github.com/Smart-Vision-Works/svw_mono/stage_linmot_ct/command_table.go:184.85,186.53 2 0
github.com/Smart-Vision-Works/svw_mono/stage_linmot_ct/command_table.go:186.53,188.3 1 0
github.com/Smart-Vision-Works/svw_mono/stage_linmot_ct/command_table.go:191.2,191.50 1 0
github.com/Smart-Vision-Works/svw_mono/stage_linmot_ct/command_table.go:191.50,193.3 1 0
github.com/Smart-Vision-Works/svw_mono/stage_linmot_ct/command_table.go:195.2,195.20 1 0
github.com/Smart-Vision-Works/svw_mono/stage_linmot_ct/command_table.go:199.86,200.18 1 0
github.com/Smart-Vision-Works/svw_mono/stage_linmot_ct/command_table.go:200.18,202.3 1 0
github.com/Smart-Vision-Works/svw_mono/stage_linmot_ct/command_table.go:205.2,205.49 1 0
github.com/Smart-Vision-Works/svw_mono/stage_linmot_ct/command_table.go:205.49,207.3 1 0
github.com/Smart-Vision-Works/svw_mono/stage_linmot_ct/command_table.go:209.2,210.16 2 0
github.com/Smart-Vision-Works/svw_mono/stage_linmot_ct/command_table.go:210.16,212.3 1 0
github.com/Smart-Vision-Works/svw_mono/stage_linmot_ct/command_table.go:214.2,214.18 1 0
github.com/Smart-Vision-Works/svw_mono/stage_linmot_ct/command_table.go:218.102,219.18 1 0
github.com/Smart-Vision-Works/svw_mono/stage_linmot_ct/command_table.go:219.18,221.3 1 0
github.com/Smart-Vision-Works/svw_mono/stage_linmot_ct/command_table.go:224.2,224.49 1 0
github.com/Smart-Vision-Works/svw_mono/stage_linmot_ct/command_table.go:224.49,226.3 1 0
github.com/Smart-Vision-Works/svw_mono/stage_linmot_ct/command_table.go:229.2,229.30 1 0
github.com/Smart-Vision-Works/svw_mono/stage_linmot_ct/command_table.go:229.31,232.3 0 0
github.com/Smart-Vision-Works/svw_mono/stage_linmot_ct/command_table.go:234.2,234.48 1 0
github.com/Smart-Vision-Works/svw_mono/stage_linmot_ct/command_table.go:238.56,240.2 1 0
github.com/Smart-Vision-Works/svw_mono/stage_linmot_ct/command_table.go:243.57,245.2 1 0
github.com/Smart-Vision-Works/svw_mono/stage_linmot_ct/command_table.go:248.55,250.2 1 0
github.com/Smart-Vision-Works/svw_mono/stage_linmot_ct/command_table.go:253.80,255.2 1 0
github.com/Smart-Vision-Works/svw_mono/stage_linmot_ct/command_table.go:258.68,260.2 1 0
github.com/Smart-Vision-Works/svw_mono/stage_linmot_ct/command_table.go:264.71,266.2 1 0
github.com/Smart-Vision-Works/svw_mono/stage_linmot_ct/command_table.go:270.83,272.2 1 0
github.com/Smart-Vision-Works/svw_mono/stage_linmot_ct/command_table.go:276.83,278.2 1 0
github.com/Smart-Vision-Works/svw_mono/stage_linmot_ct/command_table.go:282.54,284.2 1 0
github.com/Smart-Vision-Works/svw_mono/stage_linmot_ct/command_table.go:293.80,298.2 1 0
github.com/Smart-Vision-Works/svw_mono/stage_linmot_ct/command_table.go:301.72,304.2 2 0
github.com/Smart-Vision-Works/svw_mono/stage_linmot_ct/command_table.go:307.76,310.2 2 0
github.com/Smart-Vision-Works/svw_mono/stage_linmot_ct/command_table.go:313.83,316.2 2 0
github.com/Smart-Vision-Works/svw_mono/stage_linmot_ct/command_table.go:319.86,322.2 2 0
github.com/Smart-Vision-Works/svw_mono/stage_linmot_ct/command_table.go:325.99,328.2 2 0
github.com/Smart-Vision-Works/svw_mono/stage_linmot_ct/command_table.go:331.61,335.2 3 0
github.com/Smart-Vision-Works/svw_mono/stage_linmot_ct/command_table.go:352.74,356.2 1 0
github.com/Smart-Vision-Works/svw_mono/stage_linmot_ct/command_table.go:359.83,360.18 1 0
github.com/Smart-Vision-Works/svw_mono/stage_linmot_ct/command_table.go:360.18,362.3 1 0
github.com/Smart-Vision-Works/svw_mono/stage_linmot_ct/command_table.go:363.2,364.12 2 0
github.com/Smart-Vision-Works/svw_mono/stage_linmot_ct/command_table.go:368.90,370.13 2 0
github.com/Smart-Vision-Works/svw_mono/stage_linmot_ct/command_table.go:370.13,372.3 1 0
github.com/Smart-Vision-Works/svw_mono/stage_linmot_ct/command_table.go:373.2,373.19 1 0
github.com/Smart-Vision-Works/svw_mono/stage_linmot_ct/command_table.go:377.69,378.43 1 0
github.com/Smart-Vision-Works/svw_mono/stage_linmot_ct/command_table.go:378.43,380.3 1 0
github.com/Smart-Vision-Works/svw_mono/stage_linmot_ct/command_table.go:381.2,382.12 2 0
github.com/Smart-Vision-Works/svw_mono/stage_linmot_ct/command_table.go:386.83,388.36 2 0
github.com/Smart-Vision-Works/svw_mono/stage_linmot_ct/command_table.go:388.36,390.3 1 0
github.com/Smart-Vision-Works/svw_mono/stage_linmot_ct/command_table.go:391.2,391.20 1 0
github.com/Smart-Vision-Works/svw_mono/stage_linmot_ct/command_table.go:395.77,398.2 2 0
github.com/Smart-Vision-Works/svw_mono/stage_linmot_ct/command_table.go:410.24,415.2 1 0
github.com/Smart-Vision-Works/svw_mono/stage_linmot_ct/command_table.go:418.104,420.51 2 0
github.com/Smart-Vision-Works/svw_mono/stage_linmot_ct/command_table.go:420.51,422.3 1 0
github.com/Smart-Vision-Works/svw_mono/stage_linmot_ct/command_table.go:423.2,423.19 1 0
github.com/Smart-Vision-Works/svw_mono/stage_linmot_ct/command_table.go:427.82,429.2 1 0
github.com/Smart-Vision-Works/svw_mono/stage_linmot_ct/command_table.go:432.78,433.57 1 0
github.com/Smart-Vision-Works/svw_mono/stage_linmot_ct/command_table.go:433.57,435.3 1 0
github.com/Smart-Vision-Works/svw_mono/stage_linmot_ct/command_table.go:436.2,436.35 1 0
github.com/Smart-Vision-Works/svw_mono/stage_linmot_ct/command_table.go:440.62,442.2 1 0
github.com/Smart-Vision-Works/svw_mono/stage_linmot_ct/command_table.go:445.77,447.2 1 0
github.com/Smart-Vision-Works/svw_mono/stage_linmot_ct/command_table.go:450.84,452.16 2 0
github.com/Smart-Vision-Works/svw_mono/stage_linmot_ct/command_table.go:452.16,454.3 1 0
github.com/Smart-Vision-Works/svw_mono/stage_linmot_ct/command_table.go:455.2,455.47 1 0
github.com/Smart-Vision-Works/svw_mono/stage_linmot_ct/command_table.go:459.80,461.2 1 0
github.com/Smart-Vision-Works/svw_mono/stage_linmot_ct/command_table.go:464.73,468.2 1 0
github.com/Smart-Vision-Works/svw_mono/stage_linmot_ct/command_table.go:476.92,478.2 1 0
github.com/Smart-Vision-Works/svw_mono/stage_linmot_ct/command_table.go:481.46,483.2 1 0
github.com/Smart-Vision-Works/svw_mono/stage_linmot_ct/command_table.go:486.47,488.2 1 0
github.com/Smart-Vision-Works/svw_mono/stage_linmot_ct/command_table.go:491.45,493.2 1 0
github.com/Smart-Vision-Works/svw_mono/stage_linmot_ct/command_table.go:496.70,498.2 1 0
github.com/Smart-Vision-Works/svw_mono/stage_linmot_ct/command_table.go:501.67,503.2 1 0
github.com/Smart-Vision-Works/svw_mono/stage_linmot_ct/command_table.go:506.70,508.2 1 0
github.com/Smart-Vision-Works/svw_mono/stage_linmot_ct/command_table.go:511.82,513.2 1 0
github.com/Smart-Vision-Works/svw_mono/stage_linmot_ct/status/errors.go:20.41,21.12 1 1
github.com/Smart-Vision-Works/svw_mono/stage_linmot_ct/status/errors.go:22.20,23.16 1 1
github.com/Smart-Vision-Works/svw_mono/stage_linmot_ct/status/errors.go:24.23,25.19 1 1
github.com/Smart-Vision-Works/svw_mono/stage_linmot_ct/status/errors.go:26.21,27.17 1 1
github.com/Smart-Vision-Works/svw_mono/stage_linmot_ct/status/errors.go:28.24,29.20 1 1
github.com/Smart-Vision-Works/svw_mono/stage_linmot_ct/status/errors.go:30.10,31.19 1 1
github.com/Smart-Vision-Works/svw_mono/stage_linmot_ct/status/errors.go:79.43,81.2 1 1
github.com/Smart-Vision-Works/svw_mono/stage_linmot_ct/status/errors.go:84.44,88.46 3 1
github.com/Smart-Vision-Works/svw_mono/stage_linmot_ct/status/errors.go:88.46,90.38 2 1
github.com/Smart-Vision-Works/svw_mono/stage_linmot_ct/status/errors.go:90.38,92.4 1 1
github.com/Smart-Vision-Works/svw_mono/stage_linmot_ct/status/errors.go:95.2,95.24 1 1
github.com/Smart-Vision-Works/svw_mono/stage_linmot_ct/status/errors.go:95.24,97.3 1 1
github.com/Smart-Vision-Works/svw_mono/stage_linmot_ct/status/errors.go:99.2,101.20 2 1
github.com/Smart-Vision-Works/svw_mono/stage_linmot_ct/status/errors.go:110.44,119.2 3 1
github.com/Smart-Vision-Works/svw_mono/stage_linmot_ct/status/errors.go:122.53,189.2 9 1
github.com/Smart-Vision-Works/svw_mono/stage_linmot_ct/status/errors.go:192.103,193.16 1 1
github.com/Smart-Vision-Works/svw_mono/stage_linmot_ct/status/errors.go:193.16,195.3 1 1
github.com/Smart-Vision-Works/svw_mono/stage_linmot_ct/status/errors.go:197.2,200.62 2 1
github.com/Smart-Vision-Works/svw_mono/stage_linmot_ct/status/errors.go:200.62,206.3 5 1
github.com/Smart-Vision-Works/svw_mono/stage_linmot_ct/status/errors.go:209.2,209.52 1 1
github.com/Smart-Vision-Works/svw_mono/stage_linmot_ct/status/errors.go:209.52,210.42 1 1
github.com/Smart-Vision-Works/svw_mono/stage_linmot_ct/status/errors.go:210.42,216.4 5 1
github.com/Smart-Vision-Works/svw_mono/stage_linmot_ct/status/errors.go:220.2,227.3 1 1
github.com/Smart-Vision-Works/svw_mono/stage_linmot_ct/status/errors.go:231.89,233.2 1 1
github.com/Smart-Vision-Works/svw_mono/stage_linmot_ct/status/errors.go:236.74,238.2 1 1
github.com/Smart-Vision-Works/svw_mono/stage_linmot_ct/status/errors.go:246.40,250.2 1 1
github.com/Smart-Vision-Works/svw_mono/stage_linmot_ct/status/errors.go:253.97,255.2 1 1
github.com/Smart-Vision-Works/svw_mono/stage_linmot_ct/status/errors.go:258.82,269.25 2 1
github.com/Smart-Vision-Works/svw_mono/stage_linmot_ct/status/errors.go:269.25,277.3 1 0
github.com/Smart-Vision-Works/svw_mono/stage_linmot_ct/status/errors.go:279.2,279.15 1 1
github.com/Smart-Vision-Works/svw_mono/stage_linmot_ct/status/errors.go:283.91,286.29 2 1
github.com/Smart-Vision-Works/svw_mono/stage_linmot_ct/status/errors.go:286.29,288.3 1 1
github.com/Smart-Vision-Works/svw_mono/stage_linmot_ct/status/errors.go:290.2,290.16 1 1
github.com/Smart-Vision-Works/svw_mono/stage_linmot_ct/status/errors.go:294.122,297.29 2 1
github.com/Smart-Vision-Works/svw_mono/stage_linmot_ct/status/errors.go:297.29,298.34 1 1
github.com/Smart-Vision-Works/svw_mono/stage_linmot_ct/status/errors.go:298.34,300.4 1 1
github.com/Smart-Vision-Works/svw_mono/stage_linmot_ct/status/errors.go:303.2,303.17 1 1
github.com/Smart-Vision-Works/svw_mono/stage_linmot_ct/status/monitor.go:33.40,36.2 1 1
github.com/Smart-Vision-Works/svw_mono/stage_linmot_ct/status/monitor.go:39.77,46.2 1 1
github.com/Smart-Vision-Works/svw_mono/stage_linmot_ct/status/monitor.go:49.59,52.2 2 1
github.com/Smart-Vision-Works/svw_mono/stage_linmot_ct/status/monitor.go:55.33,57.2 1 1
github.com/Smart-Vision-Works/svw_mono/stage_linmot_ct/status/monitor.go:60.59,64.6 3 1
github.com/Smart-Vision-Works/svw_mono/stage_linmot_ct/status/monitor.go:64.6,65.10 1 1
github.com/Smart-Vision-Works/svw_mono/stage_linmot_ct/status/monitor.go:66.21,67.10 1 0
github.com/Smart-Vision-Works/svw_mono/stage_linmot_ct/status/monitor.go:68.22,69.10 1 1
github.com/Smart-Vision-Works/svw_mono/stage_linmot_ct/status/monitor.go:70.19,71.24 1 1
github.com/Smart-Vision-Works/svw_mono/stage_linmot_ct/status/monitor.go:77.60,82.70 3 1
github.com/Smart-Vision-Works/svw_mono/stage_linmot_ct/status/monitor.go:82.70,84.3 1 1
github.com/Smart-Vision-Works/svw_mono/stage_linmot_ct/status/monitor.go:84.8,86.3 1 1
github.com/Smart-Vision-Works/svw_mono/stage_linmot_ct/status/monitor.go:89.2,89.70 1 1
github.com/Smart-Vision-Works/svw_mono/stage_linmot_ct/status/monitor.go:89.70,91.3 1 1
github.com/Smart-Vision-Works/svw_mono/stage_linmot_ct/status/monitor.go:91.8,93.3 1 1
github.com/Smart-Vision-Works/svw_mono/stage_linmot_ct/status/monitor.go:96.2,96.64 1 1
github.com/Smart-Vision-Works/svw_mono/stage_linmot_ct/status/monitor.go:96.64,98.3 1 1
github.com/Smart-Vision-Works/svw_mono/stage_linmot_ct/status/monitor.go:98.8,100.3 1 1
github.com/Smart-Vision-Works/svw_mono/stage_linmot_ct/status/monitor.go:103.2,103.74 1 1
github.com/Smart-Vision-Works/svw_mono/stage_linmot_ct/status/monitor.go:103.74,105.3 1 1
github.com/Smart-Vision-Works/svw_mono/stage_linmot_ct/status/monitor.go:105.8,107.3 1 1
github.com/Smart-Vision-Works/svw_mono/stage_linmot_ct/status/monitor.go:110.2,110.81 1 1
github.com/Smart-Vision-Works/svw_mono/stage_linmot_ct/status/monitor.go:110.81,112.3 1 1
github.com/Smart-Vision-Works/svw_mono/stage_linmot_ct/status/monitor.go:112.8,114.3 1 1
github.com/Smart-Vision-Works/svw_mono/stage_linmot_ct/status/monitor.go:116.2,116.40 1 1
github.com/Smart-Vision-Works/svw_mono/stage_linmot_ct/status/monitor.go:120.51,134.2 3 1
github.com/Smart-Vision-Works/svw_mono/stage_linmot_ct/status/monitor.go:137.48,141.2 3 1
github.com/Smart-Vision-Works/svw_mono/stage_linmot_ct/status/monitor.go:144.48,148.2 3 1
github.com/Smart-Vision-Works/svw_mono/stage_linmot_ct/status/monitor.go:151.45,155.2 3 1
github.com/Smart-Vision-Works/svw_mono/stage_linmot_ct/status/monitor.go:158.59,162.2 3 1
github.com/Smart-Vision-Works/svw_mono/stage_linmot_ct/status/monitor.go:165.50,169.2 3 1
github.com/Smart-Vision-Works/svw_mono/stage_linmot_ct/status/monitor.go:172.52,176.2 3 1
github.com/Smart-Vision-Works/svw_mono/stage_linmot_ct/status/monitor.go:179.43,183.2 3 1
github.com/Smart-Vision-Works/svw_mono/stage_linmot_ct/status/monitor.go:186.68,190.2 3 1
github.com/Smart-Vision-Works/svw_mono/stage_linmot_ct/status/monitor.go:193.43,198.65 3 1
github.com/Smart-Vision-Works/svw_mono/stage_linmot_ct/status/monitor.go:198.65,200.3 1 1
github.com/Smart-Vision-Works/svw_mono/stage_linmot_ct/status/monitor.go:203.2,203.36 1 1
github.com/Smart-Vision-Works/svw_mono/stage_linmot_ct/execution/command_executor.go:12.73,13.15 1 1
github.com/Smart-Vision-Works/svw_mono/stage_linmot_ct/execution/command_executor.go:13.15,15.60 2 1
github.com/Smart-Vision-Works/svw_mono/stage_linmot_ct/execution/command_executor.go:15.60,18.4 2 1
github.com/Smart-Vision-Works/svw_mono/stage_linmot_ct/execution/command_executor.go:19.3,20.22 2 1
github.com/Smart-Vision-Works/svw_mono/stage_linmot_ct/execution/command_executor.go:23.2,23.58 1 1
github.com/Smart-Vision-Works/svw_mono/stage_linmot_ct/execution/command_executor.go:23.58,25.10 1 1
github.com/Smart-Vision-Works/svw_mono/stage_linmot_ct/execution/command_executor.go:26.23,31.10 5 0
github.com/Smart-Vision-Works/svw_mono/stage_linmot_ct/execution/command_executor.go:32.21,38.10 6 0
github.com/Smart-Vision-Works/svw_mono/stage_linmot_ct/execution/command_executor.go:39.11,39.11 0 1
github.com/Smart-Vision-Works/svw_mono/stage_linmot_ct/execution/command_executor.go:43.3,43.10 1 1
github.com/Smart-Vision-Works/svw_mono/stage_linmot_ct/execution/command_executor.go:44.24,50.11 4 0
github.com/Smart-Vision-Works/svw_mono/stage_linmot_ct/execution/command_executor.go:51.26,54.20 3 0
github.com/Smart-Vision-Works/svw_mono/stage_linmot_ct/execution/command_executor.go:55.24,60.11 5 0
github.com/Smart-Vision-Works/svw_mono/stage_linmot_ct/execution/command_executor.go:61.22,67.11 6 0
github.com/Smart-Vision-Works/svw_mono/stage_linmot_ct/execution/command_executor.go:69.11,69.11 0 1
github.com/Smart-Vision-Works/svw_mono/stage_linmot_ct/execution/command_executor.go:73.3,82.22 6 1
github.com/Smart-Vision-Works/svw_mono/stage_linmot_ct/execution/command_executor.go:82.22,89.4 6 1
github.com/Smart-Vision-Works/svw_mono/stage_linmot_ct/execution/command_executor.go:92.3,94.18 3 1
github.com/Smart-Vision-Works/svw_mono/stage_linmot_ct/execution/command_executor.go:99.112,108.43 3 1
github.com/Smart-Vision-Works/svw_mono/stage_linmot_ct/execution/command_executor.go:108.43,112.3 3 0
github.com/Smart-Vision-Works/svw_mono/stage_linmot_ct/execution/command_executor.go:115.2,115.33 1 1
github.com/Smart-Vision-Works/svw_mono/stage_linmot_ct/execution/command_executor.go:115.33,118.37 2 0
github.com/Smart-Vision-Works/svw_mono/stage_linmot_ct/execution/command_executor.go:118.37,120.4 1 0
github.com/Smart-Vision-Works/svw_mono/stage_linmot_ct/execution/command_executor.go:122.3,123.17 2 0
github.com/Smart-Vision-Works/svw_mono/stage_linmot_ct/execution/command_executor.go:123.17,127.4 3 0
github.com/Smart-Vision-Works/svw_mono/stage_linmot_ct/execution/command_executor.go:129.3,129.18 1 0
github.com/Smart-Vision-Works/svw_mono/stage_linmot_ct/execution/command_executor.go:129.18,133.4 3 0
github.com/Smart-Vision-Works/svw_mono/stage_linmot_ct/execution/command_executor.go:137.2,143.15 5 1
github.com/Smart-Vision-Works/svw_mono/stage_linmot_ct/execution/command_executor.go:147.121,148.35 1 0
github.com/Smart-Vision-Works/svw_mono/stage_linmot_ct/execution/command_executor.go:148.35,150.3 1 0
github.com/Smart-Vision-Works/svw_mono/stage_linmot_ct/execution/command_executor.go:152.2,152.39 1 0
github.com/Smart-Vision-Works/svw_mono/stage_linmot_ct/execution/command_executor.go:152.39,155.19 2 0
github.com/Smart-Vision-Works/svw_mono/stage_linmot_ct/execution/command_executor.go:155.19,157.4 1 0
github.com/Smart-Vision-Works/svw_mono/stage_linmot_ct/execution/command_executor.go:159.3,160.17 2 0
github.com/Smart-Vision-Works/svw_mono/stage_linmot_ct/execution/command_executor.go:160.17,162.4 1 0
github.com/Smart-Vision-Works/svw_mono/stage_linmot_ct/execution/command_executor.go:164.3,164.14 1 0
github.com/Smart-Vision-Works/svw_mono/stage_linmot_ct/execution/command_executor.go:164.14,166.4 1 0
github.com/Smart-Vision-Works/svw_mono/stage_linmot_ct/execution/command_executor.go:169.2,169.18 1 0
github.com/Smart-Vision-Works/svw_mono/stage_linmot_ct/execution/engine.go:26.42,27.12 1 1
github.com/Smart-Vision-Works/svw_mono/stage_linmot_ct/execution/engine.go:28.17,29.16 1 1
github.com/Smart-Vision-Works/svw_mono/stage_linmot_ct/execution/engine.go:30.20,31.19 1 1
github.com/Smart-Vision-Works/svw_mono/stage_linmot_ct/execution/engine.go:32.19,33.18 1 1
github.com/Smart-Vision-Works/svw_mono/stage_linmot_ct/execution/engine.go:34.20,35.19 1 1
github.com/Smart-Vision-Works/svw_mono/stage_linmot_ct/execution/engine.go:36.18,37.17 1 1
github.com/Smart-Vision-Works/svw_mono/stage_linmot_ct/execution/engine.go:38.22,39.21 1 1
github.com/Smart-Vision-Works/svw_mono/stage_linmot_ct/execution/engine.go:40.10,41.19 1 1
github.com/Smart-Vision-Works/svw_mono/stage_linmot_ct/execution/engine.go:168.203,183.2 2 1
github.com/Smart-Vision-Works/svw_mono/stage_linmot_ct/execution/engine.go:186.98,190.28 3 1
github.com/Smart-Vision-Works/svw_mono/stage_linmot_ct/execution/engine.go:190.28,192.3 1 1
github.com/Smart-Vision-Works/svw_mono/stage_linmot_ct/execution/engine.go:194.2,194.18 1 1
github.com/Smart-Vision-Works/svw_mono/stage_linmot_ct/execution/engine.go:194.18,196.3 1 1
github.com/Smart-Vision-Works/svw_mono/stage_linmot_ct/execution/engine.go:198.2,198.30 1 1
github.com/Smart-Vision-Works/svw_mono/stage_linmot_ct/execution/engine.go:198.30,200.3 1 1
github.com/Smart-Vision-Works/svw_mono/stage_linmot_ct/execution/engine.go:203.2,212.36 8 1
github.com/Smart-Vision-Works/svw_mono/stage_linmot_ct/execution/engine.go:212.36,214.3 1 0
github.com/Smart-Vision-Works/svw_mono/stage_linmot_ct/execution/engine.go:216.2,221.12 3 1
github.com/Smart-Vision-Works/svw_mono/stage_linmot_ct/execution/engine.go:225.50,229.31 3 1
github.com/Smart-Vision-Works/svw_mono/stage_linmot_ct/execution/engine.go:229.31,231.3 1 0
github.com/Smart-Vision-Works/svw_mono/stage_linmot_ct/execution/engine.go:233.2,236.9 2 1
github.com/Smart-Vision-Works/svw_mono/stage_linmot_ct/execution/engine.go:237.35,237.35 0 0
github.com/Smart-Vision-Works/svw_mono/stage_linmot_ct/execution/engine.go:238.10,238.10 0 1
github.com/Smart-Vision-Works/svw_mono/stage_linmot_ct/execution/engine.go:242.2,242.12 1 1
github.com/Smart-Vision-Works/svw_mono/stage_linmot_ct/execution/engine.go:246.51,250.30 3 1
github.com/Smart-Vision-Works/svw_mono/stage_linmot_ct/execution/engine.go:250.30,252.3 1 0
github.com/Smart-Vision-Works/svw_mono/stage_linmot_ct/execution/engine.go:254.2,257.9 2 1
github.com/Smart-Vision-Works/svw_mono/stage_linmot_ct/execution/engine.go:258.36,258.36 0 0
github.com/Smart-Vision-Works/svw_mono/stage_linmot_ct/execution/engine.go:259.10,259.10 0 1
github.com/Smart-Vision-Works/svw_mono/stage_linmot_ct/execution/engine.go:263.2,263.12 1 1
github.com/Smart-Vision-Works/svw_mono/stage_linmot_ct/execution/engine.go:267.49,271.59 3 1
github.com/Smart-Vision-Works/svw_mono/stage_linmot_ct/execution/engine.go:271.59,273.3 1 0
github.com/Smart-Vision-Works/svw_mono/stage_linmot_ct/execution/engine.go:275.2,279.9 3 1
github.com/Smart-Vision-Works/svw_mono/stage_linmot_ct/execution/engine.go:280.34,280.34 0 0
github.com/Smart-Vision-Works/svw_mono/stage_linmot_ct/execution/engine.go:281.10,281.10 0 1
github.com/Smart-Vision-Works/svw_mono/stage_linmot_ct/execution/engine.go:285.2,285.12 1 1
github.com/Smart-Vision-Works/svw_mono/stage_linmot_ct/execution/engine.go:289.64,308.34 5 1
github.com/Smart-Vision-Works/svw_mono/stage_linmot_ct/execution/engine.go:308.34,310.3 1 0
github.com/Smart-Vision-Works/svw_mono/stage_linmot_ct/execution/engine.go:313.2,313.30 1 1
github.com/Smart-Vision-Works/svw_mono/stage_linmot_ct/execution/engine.go:313.30,315.3 1 1
github.com/Smart-Vision-Works/svw_mono/stage_linmot_ct/execution/engine.go:318.2,318.29 1 1
github.com/Smart-Vision-Works/svw_mono/stage_linmot_ct/execution/engine.go:318.29,319.27 1 1
github.com/Smart-Vision-Works/svw_mono/stage_linmot_ct/execution/engine.go:319.27,321.4 1 1
github.com/Smart-Vision-Works/svw_mono/stage_linmot_ct/execution/engine.go:321.9,323.4 1 1
github.com/Smart-Vision-Works/svw_mono/stage_linmot_ct/execution/engine.go:327.2,327.51 1 1
github.com/Smart-Vision-Works/svw_mono/stage_linmot_ct/execution/engine.go:327.51,330.3 2 1
github.com/Smart-Vision-Works/svw_mono/stage_linmot_ct/execution/engine.go:332.2,332.15 1 1
github.com/Smart-Vision-Works/svw_mono/stage_linmot_ct/execution/engine.go:336.81,337.9 1 1
github.com/Smart-Vision-Works/svw_mono/stage_linmot_ct/execution/engine.go:338.20,339.19 1 0
github.com/Smart-Vision-Works/svw_mono/stage_linmot_ct/execution/engine.go:340.22,344.13 4 1
github.com/Smart-Vision-Works/svw_mono/stage_linmot_ct/execution/engine.go:349.53,353.2 3 1
github.com/Smart-Vision-Works/svw_mono/stage_linmot_ct/execution/engine.go:356.71,360.85 3 1
github.com/Smart-Vision-Works/svw_mono/stage_linmot_ct/execution/engine.go:360.85,362.3 1 1
github.com/Smart-Vision-Works/svw_mono/stage_linmot_ct/execution/engine.go:364.2,364.55 1 1
github.com/Smart-Vision-Works/svw_mono/stage_linmot_ct/commands/control.go:18.95,19.22 1 0
github.com/Smart-Vision-Works/svw_mono/stage_linmot_ct/commands/control.go:20.21,21.39 1 0
github.com/Smart-Vision-Works/svw_mono/stage_linmot_ct/commands/control.go:22.29,23.47 1 0
github.com/Smart-Vision-Works/svw_mono/stage_linmot_ct/commands/control.go:24.29,25.47 1 0
github.com/Smart-Vision-Works/svw_mono/stage_linmot_ct/commands/control.go:26.26,27.44 1 0
github.com/Smart-Vision-Works/svw_mono/stage_linmot_ct/commands/control.go:28.10,29.74 1 0
github.com/Smart-Vision-Works/svw_mono/stage_linmot_ct/commands/control.go:34.75,36.2 1 1
github.com/Smart-Vision-Works/svw_mono/stage_linmot_ct/commands/control.go:39.108,41.2 1 1
github.com/Smart-Vision-Works/svw_mono/stage_linmot_ct/commands/control.go:44.131,49.2 1 1
github.com/Smart-Vision-Works/svw_mono/stage_linmot_ct/commands/control.go:52.99,57.16 3 1
github.com/Smart-Vision-Works/svw_mono/stage_linmot_ct/commands/control.go:57.16,59.3 1 1
github.com/Smart-Vision-Works/svw_mono/stage_linmot_ct/commands/control.go:62.2,62.59 1 1
github.com/Smart-Vision-Works/svw_mono/stage_linmot_ct/commands/control.go:66.107,71.16 3 1
github.com/Smart-Vision-Works/svw_mono/stage_linmot_ct/commands/control.go:71.16,73.3 1 0
github.com/Smart-Vision-Works/svw_mono/stage_linmot_ct/commands/control.go:75.2,76.16 2 1
github.com/Smart-Vision-Works/svw_mono/stage_linmot_ct/commands/control.go:76.16,78.3 1 0
github.com/Smart-Vision-Works/svw_mono/stage_linmot_ct/commands/control.go:80.2,81.16 2 1
github.com/Smart-Vision-Works/svw_mono/stage_linmot_ct/commands/control.go:81.16,83.3 1 0
github.com/Smart-Vision-Works/svw_mono/stage_linmot_ct/commands/control.go:86.2,90.98 3 1
github.com/Smart-Vision-Works/svw_mono/stage_linmot_ct/commands/control.go:94.107,99.16 3 1
github.com/Smart-Vision-Works/svw_mono/stage_linmot_ct/commands/control.go:99.16,101.3 1 0
github.com/Smart-Vision-Works/svw_mono/stage_linmot_ct/commands/control.go:103.2,104.16 2 1
github.com/Smart-Vision-Works/svw_mono/stage_linmot_ct/commands/control.go:104.16,106.3 1 0
github.com/Smart-Vision-Works/svw_mono/stage_linmot_ct/commands/control.go:108.2,109.16 2 1
github.com/Smart-Vision-Works/svw_mono/stage_linmot_ct/commands/control.go:109.16,111.3 1 0
github.com/Smart-Vision-Works/svw_mono/stage_linmot_ct/commands/control.go:114.2,118.98 3 1
github.com/Smart-Vision-Works/svw_mono/stage_linmot_ct/commands/control.go:122.104,127.16 3 1
github.com/Smart-Vision-Works/svw_mono/stage_linmot_ct/commands/control.go:127.16,129.3 1 0
github.com/Smart-Vision-Works/svw_mono/stage_linmot_ct/commands/control.go:131.2,132.16 2 1
github.com/Smart-Vision-Works/svw_mono/stage_linmot_ct/commands/control.go:132.16,134.3 1 0
github.com/Smart-Vision-Works/svw_mono/stage_linmot_ct/commands/control.go:136.2,137.16 2 1
github.com/Smart-Vision-Works/svw_mono/stage_linmot_ct/commands/control.go:137.16,139.3 1 0
github.com/Smart-Vision-Works/svw_mono/stage_linmot_ct/commands/control.go:142.2,146.97 3 1
github.com/Smart-Vision-Works/svw_mono/stage_linmot_ct/commands/control.go:150.89,151.22 1 1
github.com/Smart-Vision-Works/svw_mono/stage_linmot_ct/commands/control.go:152.21,153.45 1 1
github.com/Smart-Vision-Works/svw_mono/stage_linmot_ct/commands/control.go:154.29,155.53 1 1
github.com/Smart-Vision-Works/svw_mono/stage_linmot_ct/commands/control.go:156.29,157.53 1 1
github.com/Smart-Vision-Works/svw_mono/stage_linmot_ct/commands/control.go:158.26,159.50 1 1
github.com/Smart-Vision-Works/svw_mono/stage_linmot_ct/commands/control.go:160.10,161.74 1 1
github.com/Smart-Vision-Works/svw_mono/stage_linmot_ct/commands/control.go:166.89,170.58 2 1
github.com/Smart-Vision-Works/svw_mono/stage_linmot_ct/commands/control.go:170.58,172.3 1 1
github.com/Smart-Vision-Works/svw_mono/stage_linmot_ct/commands/control.go:175.2,176.16 2 1
github.com/Smart-Vision-Works/svw_mono/stage_linmot_ct/commands/control.go:176.16,178.3 1 1
github.com/Smart-Vision-Works/svw_mono/stage_linmot_ct/commands/control.go:180.2,180.12 1 1
github.com/Smart-Vision-Works/svw_mono/stage_linmot_ct/commands/control.go:184.97,189.39 3 1
github.com/Smart-Vision-Works/svw_mono/stage_linmot_ct/commands/control.go:189.39,190.54 1 1
github.com/Smart-Vision-Works/svw_mono/stage_linmot_ct/commands/control.go:190.54,192.4 1 1
github.com/Smart-Vision-Works/svw_mono/stage_linmot_ct/commands/control.go:196.2,197.16 2 1
github.com/Smart-Vision-Works/svw_mono/stage_linmot_ct/commands/control.go:197.16,199.3 1 0
github.com/Smart-Vision-Works/svw_mono/stage_linmot_ct/commands/control.go:202.2,203.16 2 1
github.com/Smart-Vision-Works/svw_mono/stage_linmot_ct/commands/control.go:203.16,205.3 1 0
github.com/Smart-Vision-Works/svw_mono/stage_linmot_ct/commands/control.go:208.2,209.16 2 1
github.com/Smart-Vision-Works/svw_mono/stage_linmot_ct/commands/control.go:209.16,211.3 1 0
github.com/Smart-Vision-Works/svw_mono/stage_linmot_ct/commands/control.go:213.2,213.12 1 1
github.com/Smart-Vision-Works/svw_mono/stage_linmot_ct/commands/control.go:217.97,222.39 3 1
github.com/Smart-Vision-Works/svw_mono/stage_linmot_ct/commands/control.go:222.39,223.54 1 1
github.com/Smart-Vision-Works/svw_mono/stage_linmot_ct/commands/control.go:223.54,225.4 1 0
github.com/Smart-Vision-Works/svw_mono/stage_linmot_ct/commands/control.go:229.2,230.16 2 1
github.com/Smart-Vision-Works/svw_mono/stage_linmot_ct/commands/control.go:230.16,232.3 1 0
github.com/Smart-Vision-Works/svw_mono/stage_linmot_ct/commands/control.go:235.2,236.16 2 1
github.com/Smart-Vision-Works/svw_mono/stage_linmot_ct/commands/control.go:236.16,238.3 1 0
github.com/Smart-Vision-Works/svw_mono/stage_linmot_ct/commands/control.go:241.2,242.16 2 1
github.com/Smart-Vision-Works/svw_mono/stage_linmot_ct/commands/control.go:242.16,244.3 1 0
github.com/Smart-Vision-Works/svw_mono/stage_linmot_ct/commands/control.go:246.2,246.12 1 1
github.com/Smart-Vision-Works/svw_mono/stage_linmot_ct/commands/control.go:250.94,255.39 3 1
github.com/Smart-Vision-Works/svw_mono/stage_linmot_ct/commands/control.go:255.39,256.54 1 1
github.com/Smart-Vision-Works/svw_mono/stage_linmot_ct/commands/control.go:256.54,258.4 1 0
github.com/Smart-Vision-Works/svw_mono/stage_linmot_ct/commands/control.go:262.2,263.16 2 1
github.com/Smart-Vision-Works/svw_mono/stage_linmot_ct/commands/control.go:263.16,265.3 1 0
github.com/Smart-Vision-Works/svw_mono/stage_linmot_ct/commands/control.go:268.2,269.16 2 1
github.com/Smart-Vision-Works/svw_mono/stage_linmot_ct/commands/control.go:269.16,271.3 1 0
github.com/Smart-Vision-Works/svw_mono/stage_linmot_ct/commands/control.go:274.2,275.16 2 1
github.com/Smart-Vision-Works/svw_mono/stage_linmot_ct/commands/control.go:275.16,277.3 1 0
github.com/Smart-Vision-Works/svw_mono/stage_linmot_ct/commands/control.go:279.2,279.12 1 1
github.com/Smart-Vision-Works/svw_mono/stage_linmot_ct/commands/control.go:283.115,284.21 1 1
github.com/Smart-Vision-Works/svw_mono/stage_linmot_ct/commands/control.go:285.21,286.66 1 1
github.com/Smart-Vision-Works/svw_mono/stage_linmot_ct/commands/control.go:287.29,288.95 1 1
github.com/Smart-Vision-Works/svw_mono/stage_linmot_ct/commands/control.go:289.29,290.95 1 1
github.com/Smart-Vision-Works/svw_mono/stage_linmot_ct/commands/control.go:291.26,292.89 1 1
github.com/Smart-Vision-Works/svw_mono/stage_linmot_ct/commands/control.go:293.10,294.82 1 1
github.com/Smart-Vision-Works/svw_mono/stage_linmot_ct/commands/control.go:299.135,306.6 5 1
github.com/Smart-Vision-Works/svw_mono/stage_linmot_ct/commands/control.go:306.6,307.10 1 1
github.com/Smart-Vision-Works/svw_mono/stage_linmot_ct/commands/control.go:308.21,309.20 1 1
github.com/Smart-Vision-Works/svw_mono/stage_linmot_ct/commands/control.go:310.19,312.18 2 1
github.com/Smart-Vision-Works/svw_mono/stage_linmot_ct/commands/control.go:312.18,314.5 1 1
github.com/Smart-Vision-Works/svw_mono/stage_linmot_ct/commands/control.go:315.4,315.11 1 1
github.com/Smart-Vision-Works/svw_mono/stage_linmot_ct/commands/control.go:315.11,317.5 1 1
github.com/Smart-Vision-Works/svw_mono/stage_linmot_ct/commands/data.go:17.92,18.22 1 1
github.com/Smart-Vision-Works/svw_mono/stage_linmot_ct/commands/data.go:19.34,20.52 1 1
github.com/Smart-Vision-Works/svw_mono/stage_linmot_ct/commands/data.go:21.33,22.51 1 1
github.com/Smart-Vision-Works/svw_mono/stage_linmot_ct/commands/data.go:23.25,24.43 1 1
github.com/Smart-Vision-Works/svw_mono/stage_linmot_ct/commands/data.go:25.10,26.83 1 0
github.com/Smart-Vision-Works/svw_mono/stage_linmot_ct/commands/data.go:31.72,33.2 1 0
github.com/Smart-Vision-Works/svw_mono/stage_linmot_ct/commands/data.go:36.105,38.2 1 1
github.com/Smart-Vision-Works/svw_mono/stage_linmot_ct/commands/data.go:41.125,46.2 1 1
github.com/Smart-Vision-Works/svw_mono/stage_linmot_ct/commands/data.go:49.109,53.2 1 1
github.com/Smart-Vision-Works/svw_mono/stage_linmot_ct/commands/data.go:56.108,60.2 1 1
github.com/Smart-Vision-Works/svw_mono/stage_linmot_ct/commands/data.go:63.100,68.16 3 1
github.com/Smart-Vision-Works/svw_mono/stage_linmot_ct/commands/data.go:68.16,70.3 1 1
github.com/Smart-Vision-Works/svw_mono/stage_linmot_ct/commands/data.go:73.2,73.52 1 1
github.com/Smart-Vision-Works/svw_mono/stage_linmot_ct/commands/data.go:77.83,78.22 1 1
github.com/Smart-Vision-Works/svw_mono/stage_linmot_ct/commands/data.go:79.61,81.13 1 1
github.com/Smart-Vision-Works/svw_mono/stage_linmot_ct/commands/data.go:82.25,87.17 3 1
github.com/Smart-Vision-Works/svw_mono/stage_linmot_ct/commands/data.go:87.17,89.4 1 1
github.com/Smart-Vision-Works/svw_mono/stage_linmot_ct/commands/data.go:91.3,91.13 1 1
github.com/Smart-Vision-Works/svw_mono/stage_linmot_ct/commands/data.go:92.10,93.83 1 1
github.com/Smart-Vision-Works/svw_mono/stage_linmot_ct/commands/data.go:98.109,99.21 1 1
github.com/Smart-Vision-Works/svw_mono/stage_linmot_ct/commands/data.go:100.34,101.66 1 1
github.com/Smart-Vision-Works/svw_mono/stage_linmot_ct/commands/data.go:102.33,103.65 1 1
github.com/Smart-Vision-Works/svw_mono/stage_linmot_ct/commands/data.go:104.25,105.65 1 1
github.com/Smart-Vision-Works/svw_mono/stage_linmot_ct/commands/data.go:106.10,107.91 1 1
github.com/Smart-Vision-Works/svw_mono/stage_linmot_ct/commands/force.go:19.93,21.28 1 1
github.com/Smart-Vision-Works/svw_mono/stage_linmot_ct/commands/force.go:21.28,22.90 1 0
github.com/Smart-Vision-Works/svw_mono/stage_linmot_ct/commands/force.go:22.90,24.4 1 0
github.com/Smart-Vision-Works/svw_mono/stage_linmot_ct/commands/force.go:27.2,27.22 1 1
github.com/Smart-Vision-Works/svw_mono/stage_linmot_ct/commands/force.go:28.31,29.49 1 1
github.com/Smart-Vision-Works/svw_mono/stage_linmot_ct/commands/force.go:30.32,31.50 1 1
github.com/Smart-Vision-Works/svw_mono/stage_linmot_ct/commands/force.go:32.25,33.43 1 1
github.com/Smart-Vision-Works/svw_mono/stage_linmot_ct/commands/force.go:34.10,35.80 1 0
github.com/Smart-Vision-Works/svw_mono/stage_linmot_ct/commands/force.go:40.73,42.2 1 0
github.com/Smart-Vision-Works/svw_mono/stage_linmot_ct/commands/force.go:45.106,47.2 1 1
github.com/Smart-Vision-Works/svw_mono/stage_linmot_ct/commands/force.go:50.160,56.2 1 1
github.com/Smart-Vision-Works/svw_mono/stage_linmot_ct/commands/force.go:59.107,63.2 1 1
github.com/Smart-Vision-Works/svw_mono/stage_linmot_ct/commands/force.go:66.108,70.2 1 1
github.com/Smart-Vision-Works/svw_mono/stage_linmot_ct/commands/force.go:73.101,78.16 3 1
github.com/Smart-Vision-Works/svw_mono/stage_linmot_ct/commands/force.go:78.16,80.3 1 1
github.com/Smart-Vision-Works/svw_mono/stage_linmot_ct/commands/force.go:83.2,86.63 2 1
github.com/Smart-Vision-Works/svw_mono/stage_linmot_ct/commands/force.go:90.85,91.22 1 1
github.com/Smart-Vision-Works/svw_mono/stage_linmot_ct/commands/force.go:92.57,94.13 1 1
github.com/Smart-Vision-Works/svw_mono/stage_linmot_ct/commands/force.go:95.25,100.17 3 1
github.com/Smart-Vision-Works/svw_mono/stage_linmot_ct/commands/force.go:100.17,102.4 1 1
github.com/Smart-Vision-Works/svw_mono/stage_linmot_ct/commands/force.go:104.3,104.13 1 1
github.com/Smart-Vision-Works/svw_mono/stage_linmot_ct/commands/force.go:105.10,106.80 1 1
github.com/Smart-Vision-Works/svw_mono/stage_linmot_ct/commands/force.go:111.111,112.21 1 1
github.com/Smart-Vision-Works/svw_mono/stage_linmot_ct/commands/force.go:113.31,114.54 1 1
github.com/Smart-Vision-Works/svw_mono/stage_linmot_ct/commands/force.go:115.32,116.55 1 1
github.com/Smart-Vision-Works/svw_mono/stage_linmot_ct/commands/force.go:117.25,118.54 1 1
github.com/Smart-Vision-Works/svw_mono/stage_linmot_ct/commands/force.go:119.10,120.88 1 1
github.com/Smart-Vision-Works/svw_mono/stage_linmot_ct/commands/io.go:17.90,18.22 1 1
github.com/Smart-Vision-Works/svw_mono/stage_linmot_ct/commands/io.go:19.33,20.51 1 1
github.com/Smart-Vision-Works/svw_mono/stage_linmot_ct/commands/io.go:21.35,22.53 1 1
github.com/Smart-Vision-Works/svw_mono/stage_linmot_ct/commands/io.go:23.32,24.50 1 1
github.com/Smart-Vision-Works/svw_mono/stage_linmot_ct/commands/io.go:25.33,26.51 1 1
github.com/Smart-Vision-Works/svw_mono/stage_linmot_ct/commands/io.go:27.32,28.50 1 1
github.com/Smart-Vision-Works/svw_mono/stage_linmot_ct/commands/io.go:29.10,30.70 1 0
github.com/Smart-Vision-Works/svw_mono/stage_linmot_ct/commands/io.go:35.70,37.2 1 0
github.com/Smart-Vision-Works/svw_mono/stage_linmot_ct/commands/io.go:40.103,42.2 1 1
github.com/Smart-Vision-Works/svw_mono/stage_linmot_ct/commands/io.go:45.121,50.2 1 1
github.com/Smart-Vision-Works/svw_mono/stage_linmot_ct/commands/io.go:53.106,58.16 3 1
github.com/Smart-Vision-Works/svw_mono/stage_linmot_ct/commands/io.go:58.16,60.3 1 0
github.com/Smart-Vision-Works/svw_mono/stage_linmot_ct/commands/io.go:63.2,64.16 2 1
github.com/Smart-Vision-Works/svw_mono/stage_linmot_ct/commands/io.go:64.16,66.3 1 1
github.com/Smart-Vision-Works/svw_mono/stage_linmot_ct/commands/io.go:69.2,69.65 1 1
github.com/Smart-Vision-Works/svw_mono/stage_linmot_ct/commands/io.go:73.108,78.16 3 1
github.com/Smart-Vision-Works/svw_mono/stage_linmot_ct/commands/io.go:78.16,80.3 1 0
github.com/Smart-Vision-Works/svw_mono/stage_linmot_ct/commands/io.go:83.2,83.60 1 1
github.com/Smart-Vision-Works/svw_mono/stage_linmot_ct/commands/io.go:87.105,92.16 3 1
github.com/Smart-Vision-Works/svw_mono/stage_linmot_ct/commands/io.go:92.16,94.3 1 0
github.com/Smart-Vision-Works/svw_mono/stage_linmot_ct/commands/io.go:97.2,98.16 2 1
github.com/Smart-Vision-Works/svw_mono/stage_linmot_ct/commands/io.go:98.16,100.3 1 0
github.com/Smart-Vision-Works/svw_mono/stage_linmot_ct/commands/io.go:103.2,103.64 1 1
github.com/Smart-Vision-Works/svw_mono/stage_linmot_ct/commands/io.go:107.106,112.16 3 1
github.com/Smart-Vision-Works/svw_mono/stage_linmot_ct/commands/io.go:112.16,114.3 1 0
github.com/Smart-Vision-Works/svw_mono/stage_linmot_ct/commands/io.go:117.2,118.16 2 1
github.com/Smart-Vision-Works/svw_mono/stage_linmot_ct/commands/io.go:118.16,120.3 1 0
github.com/Smart-Vision-Works/svw_mono/stage_linmot_ct/commands/io.go:123.2,124.16 2 1
github.com/Smart-Vision-Works/svw_mono/stage_linmot_ct/commands/io.go:124.16,126.3 1 0
github.com/Smart-Vision-Works/svw_mono/stage_linmot_ct/commands/io.go:129.2,129.84 1 1
github.com/Smart-Vision-Works/svw_mono/stage_linmot_ct/commands/io.go:133.105,138.16 3 1
github.com/Smart-Vision-Works/svw_mono/stage_linmot_ct/commands/io.go:138.16,140.3 1 0
github.com/Smart-Vision-Works/svw_mono/stage_linmot_ct/commands/io.go:143.2,144.16 2 1
github.com/Smart-Vision-Works/svw_mono/stage_linmot_ct/commands/io.go:144.16,146.3 1 0
github.com/Smart-Vision-Works/svw_mono/stage_linmot_ct/commands/io.go:149.2,150.16 2 1
github.com/Smart-Vision-Works/svw_mono/stage_linmot_ct/commands/io.go:150.16,152.3 1 0
github.com/Smart-Vision-Works/svw_mono/stage_linmot_ct/commands/io.go:155.2,156.16 2 1
github.com/Smart-Vision-Works/svw_mono/stage_linmot_ct/commands/io.go:156.16,158.3 1 0
github.com/Smart-Vision-Works/svw_mono/stage_linmot_ct/commands/io.go:161.2,161.94 1 1
github.com/Smart-Vision-Works/svw_mono/stage_linmot_ct/commands/io.go:165.79,166.22 1 1
github.com/Smart-Vision-Works/svw_mono/stage_linmot_ct/commands/io.go:167.33,168.47 1 1
github.com/Smart-Vision-Works/svw_mono/stage_linmot_ct/commands/io.go:169.35,170.49 1 1
github.com/Smart-Vision-Works/svw_mono/stage_linmot_ct/commands/io.go:171.32,172.46 1 1
github.com/Smart-Vision-Works/svw_mono/stage_linmot_ct/commands/io.go:173.33,174.47 1 1
github.com/Smart-Vision-Works/svw_mono/stage_linmot_ct/commands/io.go:175.32,176.46 1 1
github.com/Smart-Vision-Works/svw_mono/stage_linmot_ct/commands/io.go:177.10,178.70 1 1
github.com/Smart-Vision-Works/svw_mono/stage_linmot_ct/commands/io.go:183.86,187.71 2 1
github.com/Smart-Vision-Works/svw_mono/stage_linmot_ct/commands/io.go:187.71,189.3 1 1
github.com/Smart-Vision-Works/svw_mono/stage_linmot_ct/commands/io.go:191.2,191.71 1 1
github.com/Smart-Vision-Works/svw_mono/stage_linmot_ct/commands/io.go:191.71,193.3 1 1
github.com/Smart-Vision-Works/svw_mono/stage_linmot_ct/commands/io.go:195.2,195.12 1 1
github.com/Smart-Vision-Works/svw_mono/stage_linmot_ct/commands/io.go:199.88,203.71 2 1
github.com/Smart-Vision-Works/svw_mono/stage_linmot_ct/commands/io.go:203.71,205.3 1 0
github.com/Smart-Vision-Works/svw_mono/stage_linmot_ct/commands/io.go:207.2,207.12 1 1
github.com/Smart-Vision-Works/svw_mono/stage_linmot_ct/commands/io.go:211.85,215.71 2 1
github.com/Smart-Vision-Works/svw_mono/stage_linmot_ct/commands/io.go:215.71,217.3 1 0
github.com/Smart-Vision-Works/svw_mono/stage_linmot_ct/commands/io.go:219.2,219.72 1 1
github.com/Smart-Vision-Works/svw_mono/stage_linmot_ct/commands/io.go:219.72,221.3 1 0
github.com/Smart-Vision-Works/svw_mono/stage_linmot_ct/commands/io.go:223.2,223.12 1 1
github.com/Smart-Vision-Works/svw_mono/stage_linmot_ct/commands/io.go:227.86,231.70 2 1
github.com/Smart-Vision-Works/svw_mono/stage_linmot_ct/commands/io.go:231.70,233.3 1 0
github.com/Smart-Vision-Works/svw_mono/stage_linmot_ct/commands/io.go:235.2,235.71 1 1
github.com/Smart-Vision-Works/svw_mono/stage_linmot_ct/commands/io.go:235.71,237.3 1 0
github.com/Smart-Vision-Works/svw_mono/stage_linmot_ct/commands/io.go:239.2,239.73 1 1
github.com/Smart-Vision-Works/svw_mono/stage_linmot_ct/commands/io.go:239.73,241.3 1 1
github.com/Smart-Vision-Works/svw_mono/stage_linmot_ct/commands/io.go:243.2,243.12 1 1
github.com/Smart-Vision-Works/svw_mono/stage_linmot_ct/commands/io.go:247.85,251.70 2 1
github.com/Smart-Vision-Works/svw_mono/stage_linmot_ct/commands/io.go:251.70,253.3 1 0
github.com/Smart-Vision-Works/svw_mono/stage_linmot_ct/commands/io.go:255.2,255.72 1 1
github.com/Smart-Vision-Works/svw_mono/stage_linmot_ct/commands/io.go:255.72,257.3 1 0
github.com/Smart-Vision-Works/svw_mono/stage_linmot_ct/commands/io.go:259.2,259.76 1 1
github.com/Smart-Vision-Works/svw_mono/stage_linmot_ct/commands/io.go:259.76,261.3 1 1
github.com/Smart-Vision-Works/svw_mono/stage_linmot_ct/commands/io.go:263.2,263.73 1 1
github.com/Smart-Vision-Works/svw_mono/stage_linmot_ct/commands/io.go:263.73,265.3 1 0
github.com/Smart-Vision-Works/svw_mono/stage_linmot_ct/commands/io.go:267.2,267.12 1 1
github.com/Smart-Vision-Works/svw_mono/stage_linmot_ct/commands/io.go:271.105,272.21 1 1
github.com/Smart-Vision-Works/svw_mono/stage_linmot_ct/commands/io.go:273.33,274.62 1 1
github.com/Smart-Vision-Works/svw_mono/stage_linmot_ct/commands/io.go:275.35,276.55 1 1
github.com/Smart-Vision-Works/svw_mono/stage_linmot_ct/commands/io.go:277.32,278.61 1 1
github.com/Smart-Vision-Works/svw_mono/stage_linmot_ct/commands/io.go:279.33,280.72 1 1
github.com/Smart-Vision-Works/svw_mono/stage_linmot_ct/commands/io.go:281.32,282.84 1 1
github.com/Smart-Vision-Works/svw_mono/stage_linmot_ct/commands/io.go:283.10,284.78 1 1
github.com/Smart-Vision-Works/svw_mono/stage_linmot_ct/commands/loop.go:17.92,18.22 1 1
github.com/Smart-Vision-Works/svw_mono/stage_linmot_ct/commands/loop.go:19.26,20.44 1 1
github.com/Smart-Vision-Works/svw_mono/stage_linmot_ct/commands/loop.go:21.24,22.42 1 1
github.com/Smart-Vision-Works/svw_mono/stage_linmot_ct/commands/loop.go:23.26,24.44 1 1
github.com/Smart-Vision-Works/svw_mono/stage_linmot_ct/commands/loop.go:25.21,26.39 1 1
github.com/Smart-Vision-Works/svw_mono/stage_linmot_ct/commands/loop.go:27.27,28.45 1 1
github.com/Smart-Vision-Works/svw_mono/stage_linmot_ct/commands/loop.go:29.28,30.46 1 1
github.com/Smart-Vision-Works/svw_mono/stage_linmot_ct/commands/loop.go:31.10,32.76 1 0
github.com/Smart-Vision-Works/svw_mono/stage_linmot_ct/commands/loop.go:37.72,39.2 1 0
github.com/Smart-Vision-Works/svw_mono/stage_linmot_ct/commands/loop.go:42.105,44.2 1 1
github.com/Smart-Vision-Works/svw_mono/stage_linmot_ct/commands/loop.go:47.125,52.2 1 1
github.com/Smart-Vision-Works/svw_mono/stage_linmot_ct/commands/loop.go:55.101,60.16 3 1
github.com/Smart-Vision-Works/svw_mono/stage_linmot_ct/commands/loop.go:60.16,62.3 1 0
github.com/Smart-Vision-Works/svw_mono/stage_linmot_ct/commands/loop.go:65.2,65.16 1 1
github.com/Smart-Vision-Works/svw_mono/stage_linmot_ct/commands/loop.go:65.16,67.3 1 1
github.com/Smart-Vision-Works/svw_mono/stage_linmot_ct/commands/loop.go:73.2,73.12 1 1
github.com/Smart-Vision-Works/svw_mono/stage_linmot_ct/commands/loop.go:77.99,83.2 1 1
github.com/Smart-Vision-Works/svw_mono/stage_linmot_ct/commands/loop.go:86.101,92.2 1 1
github.com/Smart-Vision-Works/svw_mono/stage_linmot_ct/commands/loop.go:95.96,100.16 3 1
github.com/Smart-Vision-Works/svw_mono/stage_linmot_ct/commands/loop.go:100.16,102.3 1 0
github.com/Smart-Vision-Works/svw_mono/stage_linmot_ct/commands/loop.go:105.2,105.19 1 1
github.com/Smart-Vision-Works/svw_mono/stage_linmot_ct/commands/loop.go:105.19,107.3 1 1
github.com/Smart-Vision-Works/svw_mono/stage_linmot_ct/commands/loop.go:113.2,113.12 1 1
github.com/Smart-Vision-Works/svw_mono/stage_linmot_ct/commands/loop.go:117.102,122.16 3 1
github.com/Smart-Vision-Works/svw_mono/stage_linmot_ct/commands/loop.go:122.16,124.3 1 0
github.com/Smart-Vision-Works/svw_mono/stage_linmot_ct/commands/loop.go:127.2,128.16 2 1
github.com/Smart-Vision-Works/svw_mono/stage_linmot_ct/commands/loop.go:128.16,130.3 1 0
github.com/Smart-Vision-Works/svw_mono/stage_linmot_ct/commands/loop.go:133.2,133.19 1 1
github.com/Smart-Vision-Works/svw_mono/stage_linmot_ct/commands/loop.go:133.19,135.3 1 0
github.com/Smart-Vision-Works/svw_mono/stage_linmot_ct/commands/loop.go:141.2,141.12 1 1
github.com/Smart-Vision-Works/svw_mono/stage_linmot_ct/commands/loop.go:145.103,150.16 3 1
github.com/Smart-Vision-Works/svw_mono/stage_linmot_ct/commands/loop.go:150.16,152.3 1 0
github.com/Smart-Vision-Works/svw_mono/stage_linmot_ct/commands/loop.go:155.2,156.16 2 1
github.com/Smart-Vision-Works/svw_mono/stage_linmot_ct/commands/loop.go:156.16,158.3 1 0
github.com/Smart-Vision-Works/svw_mono/stage_linmot_ct/commands/loop.go:161.2,161.19 1 1
github.com/Smart-Vision-Works/svw_mono/stage_linmot_ct/commands/loop.go:161.19,163.3 1 0
github.com/Smart-Vision-Works/svw_mono/stage_linmot_ct/commands/loop.go:169.2,169.12 1 1
github.com/Smart-Vision-Works/svw_mono/stage_linmot_ct/commands/loop.go:173.83,174.22 1 1
github.com/Smart-Vision-Works/svw_mono/stage_linmot_ct/commands/loop.go:175.26,176.40 1 1
github.com/Smart-Vision-Works/svw_mono/stage_linmot_ct/commands/loop.go:177.24,178.38 1 1
github.com/Smart-Vision-Works/svw_mono/stage_linmot_ct/commands/loop.go:179.26,180.40 1 1
github.com/Smart-Vision-Works/svw_mono/stage_linmot_ct/commands/loop.go:181.21,182.35 1 1
github.com/Smart-Vision-Works/svw_mono/stage_linmot_ct/commands/loop.go:183.27,184.41 1 1
github.com/Smart-Vision-Works/svw_mono/stage_linmot_ct/commands/loop.go:185.28,186.42 1 1
github.com/Smart-Vision-Works/svw_mono/stage_linmot_ct/commands/loop.go:187.10,188.76 1 1
github.com/Smart-Vision-Works/svw_mono/stage_linmot_ct/commands/loop.go:193.81,197.70 2 1
github.com/Smart-Vision-Works/svw_mono/stage_linmot_ct/commands/loop.go:197.70,199.3 1 1
github.com/Smart-Vision-Works/svw_mono/stage_linmot_ct/commands/loop.go:201.2,201.12 1 1
github.com/Smart-Vision-Works/svw_mono/stage_linmot_ct/commands/loop.go:205.79,208.2 1 1
github.com/Smart-Vision-Works/svw_mono/stage_linmot_ct/commands/loop.go:211.81,214.2 1 1
github.com/Smart-Vision-Works/svw_mono/stage_linmot_ct/commands/loop.go:217.76,221.74 2 1
github.com/Smart-Vision-Works/svw_mono/stage_linmot_ct/commands/loop.go:221.74,223.3 1 1
github.com/Smart-Vision-Works/svw_mono/stage_linmot_ct/commands/loop.go:225.2,225.12 1 1
github.com/Smart-Vision-Works/svw_mono/stage_linmot_ct/commands/loop.go:229.82,233.74 2 1
github.com/Smart-Vision-Works/svw_mono/stage_linmot_ct/commands/loop.go:233.74,235.3 1 0
github.com/Smart-Vision-Works/svw_mono/stage_linmot_ct/commands/loop.go:237.2,237.75 1 1
github.com/Smart-Vision-Works/svw_mono/stage_linmot_ct/commands/loop.go:237.75,239.3 1 1
github.com/Smart-Vision-Works/svw_mono/stage_linmot_ct/commands/loop.go:241.2,241.12 1 1
github.com/Smart-Vision-Works/svw_mono/stage_linmot_ct/commands/loop.go:245.83,249.74 2 1
github.com/Smart-Vision-Works/svw_mono/stage_linmot_ct/commands/loop.go:249.74,251.3 1 0
github.com/Smart-Vision-Works/svw_mono/stage_linmot_ct/commands/loop.go:253.2,253.75 1 1
github.com/Smart-Vision-Works/svw_mono/stage_linmot_ct/commands/loop.go:253.75,255.3 1 1
github.com/Smart-Vision-Works/svw_mono/stage_linmot_ct/commands/loop.go:257.2,257.12 1 1
github.com/Smart-Vision-Works/svw_mono/stage_linmot_ct/commands/loop.go:261.109,262.21 1 1
github.com/Smart-Vision-Works/svw_mono/stage_linmot_ct/commands/loop.go:263.26,264.45 1 1
github.com/Smart-Vision-Works/svw_mono/stage_linmot_ct/commands/loop.go:265.24,266.36 1 1
github.com/Smart-Vision-Works/svw_mono/stage_linmot_ct/commands/loop.go:267.26,268.38 1 1
github.com/Smart-Vision-Works/svw_mono/stage_linmot_ct/commands/loop.go:269.21,270.44 1 1
github.com/Smart-Vision-Works/svw_mono/stage_linmot_ct/commands/loop.go:271.27,272.63 1 1
github.com/Smart-Vision-Works/svw_mono/stage_linmot_ct/commands/loop.go:273.28,274.64 1 1
github.com/Smart-Vision-Works/svw_mono/stage_linmot_ct/commands/loop.go:275.10,276.84 1 1
github.com/Smart-Vision-Works/svw_mono/stage_linmot_ct/commands/motion.go:19.94,21.28 1 1
github.com/Smart-Vision-Works/svw_mono/stage_linmot_ct/commands/motion.go:21.28,22.91 1 0
github.com/Smart-Vision-Works/svw_mono/stage_linmot_ct/commands/motion.go:22.91,24.4 1 0
github.com/Smart-Vision-Works/svw_mono/stage_linmot_ct/commands/motion.go:27.2,27.22 1 1
github.com/Smart-Vision-Works/svw_mono/stage_linmot_ct/commands/motion.go:28.29,29.47 1 1
github.com/Smart-Vision-Works/svw_mono/stage_linmot_ct/commands/motion.go:30.29,31.47 1 0
github.com/Smart-Vision-Works/svw_mono/stage_linmot_ct/commands/motion.go:32.32,33.50 1 0
github.com/Smart-Vision-Works/svw_mono/stage_linmot_ct/commands/motion.go:34.20,35.38 1 0
github.com/Smart-Vision-Works/svw_mono/stage_linmot_ct/commands/motion.go:36.21,37.39 1 0
github.com/Smart-Vision-Works/svw_mono/stage_linmot_ct/commands/motion.go:38.10,39.73 1 0
github.com/Smart-Vision-Works/svw_mono/stage_linmot_ct/commands/motion.go:44.74,46.2 1 1
github.com/Smart-Vision-Works/svw_mono/stage_linmot_ct/commands/motion.go:49.107,51.2 1 1
github.com/Smart-Vision-Works/svw_mono/stage_linmot_ct/commands/motion.go:54.162,60.2 1 1
github.com/Smart-Vision-Works/svw_mono/stage_linmot_ct/commands/motion.go:63.106,68.16 3 1
github.com/Smart-Vision-Works/svw_mono/stage_linmot_ct/commands/motion.go:68.16,70.3 1 1
github.com/Smart-Vision-Works/svw_mono/stage_linmot_ct/commands/motion.go:72.2,73.16 2 1
github.com/Smart-Vision-Works/svw_mono/stage_linmot_ct/commands/motion.go:73.16,75.3 1 0
github.com/Smart-Vision-Works/svw_mono/stage_linmot_ct/commands/motion.go:77.2,78.16 2 1
github.com/Smart-Vision-Works/svw_mono/stage_linmot_ct/commands/motion.go:78.16,80.3 1 0
github.com/Smart-Vision-Works/svw_mono/stage_linmot_ct/commands/motion.go:82.2,83.16 2 1
github.com/Smart-Vision-Works/svw_mono/stage_linmot_ct/commands/motion.go:83.16,85.3 1 0
github.com/Smart-Vision-Works/svw_mono/stage_linmot_ct/commands/motion.go:88.2,94.111 5 1
github.com/Smart-Vision-Works/svw_mono/stage_linmot_ct/commands/motion.go:98.106,103.16 3 1
github.com/Smart-Vision-Works/svw_mono/stage_linmot_ct/commands/motion.go:103.16,105.3 1 0
github.com/Smart-Vision-Works/svw_mono/stage_linmot_ct/commands/motion.go:107.2,108.16 2 1
github.com/Smart-Vision-Works/svw_mono/stage_linmot_ct/commands/motion.go:108.16,110.3 1 0
github.com/Smart-Vision-Works/svw_mono/stage_linmot_ct/commands/motion.go:112.2,113.16 2 1
github.com/Smart-Vision-Works/svw_mono/stage_linmot_ct/commands/motion.go:113.16,115.3 1 0
github.com/Smart-Vision-Works/svw_mono/stage_linmot_ct/commands/motion.go:117.2,118.16 2 1
github.com/Smart-Vision-Works/svw_mono/stage_linmot_ct/commands/motion.go:118.16,120.3 1 0
github.com/Smart-Vision-Works/svw_mono/stage_linmot_ct/commands/motion.go:123.2,129.112 5 1
github.com/Smart-Vision-Works/svw_mono/stage_linmot_ct/commands/motion.go:133.109,138.16 3 1
github.com/Smart-Vision-Works/svw_mono/stage_linmot_ct/commands/motion.go:138.16,140.3 1 0
github.com/Smart-Vision-Works/svw_mono/stage_linmot_ct/commands/motion.go:142.2,143.16 2 1
github.com/Smart-Vision-Works/svw_mono/stage_linmot_ct/commands/motion.go:143.16,145.3 1 0
github.com/Smart-Vision-Works/svw_mono/stage_linmot_ct/commands/motion.go:147.2,148.16 2 1
github.com/Smart-Vision-Works/svw_mono/stage_linmot_ct/commands/motion.go:148.16,150.3 1 0
github.com/Smart-Vision-Works/svw_mono/stage_linmot_ct/commands/motion.go:152.2,153.16 2 1
github.com/Smart-Vision-Works/svw_mono/stage_linmot_ct/commands/motion.go:153.16,155.3 1 0
github.com/Smart-Vision-Works/svw_mono/stage_linmot_ct/commands/motion.go:158.2,164.115 5 1
github.com/Smart-Vision-Works/svw_mono/stage_linmot_ct/commands/motion.go:168.97,173.16 3 1
github.com/Smart-Vision-Works/svw_mono/stage_linmot_ct/commands/motion.go:173.16,175.3 1 0
github.com/Smart-Vision-Works/svw_mono/stage_linmot_ct/commands/motion.go:178.2,181.53 2 1
github.com/Smart-Vision-Works/svw_mono/stage_linmot_ct/commands/motion.go:185.98,188.2 1 1
github.com/Smart-Vision-Works/svw_mono/stage_linmot_ct/commands/motion.go:191.87,192.22 1 1
github.com/Smart-Vision-Works/svw_mono/stage_linmot_ct/commands/motion.go:193.78,194.47 1 1
github.com/Smart-Vision-Works/svw_mono/stage_linmot_ct/commands/motion.go:195.20,196.44 1 1
github.com/Smart-Vision-Works/svw_mono/stage_linmot_ct/commands/motion.go:197.21,198.13 1 1
github.com/Smart-Vision-Works/svw_mono/stage_linmot_ct/commands/motion.go:199.10,200.73 1 0
github.com/Smart-Vision-Works/svw_mono/stage_linmot_ct/commands/motion.go:205.90,210.87 3 1
github.com/Smart-Vision-Works/svw_mono/stage_linmot_ct/commands/motion.go:210.87,212.3 1 0
github.com/Smart-Vision-Works/svw_mono/stage_linmot_ct/commands/motion.go:214.2,214.39 1 1
github.com/Smart-Vision-Works/svw_mono/stage_linmot_ct/commands/motion.go:214.39,215.54 1 1
github.com/Smart-Vision-Works/svw_mono/stage_linmot_ct/commands/motion.go:215.54,217.4 1 1
github.com/Smart-Vision-Works/svw_mono/stage_linmot_ct/commands/motion.go:221.2,222.43 2 1
github.com/Smart-Vision-Works/svw_mono/stage_linmot_ct/commands/motion.go:222.43,224.3 1 1
github.com/Smart-Vision-Works/svw_mono/stage_linmot_ct/commands/motion.go:224.8,226.3 1 0
github.com/Smart-Vision-Works/svw_mono/stage_linmot_ct/commands/motion.go:228.2,229.16 2 1
github.com/Smart-Vision-Works/svw_mono/stage_linmot_ct/commands/motion.go:229.16,231.3 1 1
github.com/Smart-Vision-Works/svw_mono/stage_linmot_ct/commands/motion.go:234.2,235.16 2 1
github.com/Smart-Vision-Works/svw_mono/stage_linmot_ct/commands/motion.go:235.16,237.3 1 0
github.com/Smart-Vision-Works/svw_mono/stage_linmot_ct/commands/motion.go:240.2,241.16 2 1
github.com/Smart-Vision-Works/svw_mono/stage_linmot_ct/commands/motion.go:241.16,243.3 1 0
github.com/Smart-Vision-Works/svw_mono/stage_linmot_ct/commands/motion.go:246.2,247.16 2 1
github.com/Smart-Vision-Works/svw_mono/stage_linmot_ct/commands/motion.go:247.16,249.3 1 0
github.com/Smart-Vision-Works/svw_mono/stage_linmot_ct/commands/motion.go:251.2,251.12 1 1
github.com/Smart-Vision-Works/svw_mono/stage_linmot_ct/commands/motion.go:255.87,259.58 2 1
github.com/Smart-Vision-Works/svw_mono/stage_linmot_ct/commands/motion.go:259.58,261.3 1 1
github.com/Smart-Vision-Works/svw_mono/stage_linmot_ct/commands/motion.go:264.2,265.16 2 1
github.com/Smart-Vision-Works/svw_mono/stage_linmot_ct/commands/motion.go:265.16,267.3 1 0
github.com/Smart-Vision-Works/svw_mono/stage_linmot_ct/commands/motion.go:269.2,269.12 1 1
github.com/Smart-Vision-Works/svw_mono/stage_linmot_ct/commands/motion.go:273.113,274.21 1 1
github.com/Smart-Vision-Works/svw_mono/stage_linmot_ct/commands/motion.go:275.29,276.100 1 1
github.com/Smart-Vision-Works/svw_mono/stage_linmot_ct/commands/motion.go:277.29,278.100 1 1
github.com/Smart-Vision-Works/svw_mono/stage_linmot_ct/commands/motion.go:279.32,280.98 1 1
github.com/Smart-Vision-Works/svw_mono/stage_linmot_ct/commands/motion.go:281.20,282.56 1 1
github.com/Smart-Vision-Works/svw_mono/stage_linmot_ct/commands/motion.go:283.21,284.40 1 1
github.com/Smart-Vision-Works/svw_mono/stage_linmot_ct/commands/motion.go:285.10,286.81 1 1
github.com/Smart-Vision-Works/svw_mono/stage_linmot_ct/commands/registry.go:25.150,83.2 39 1
github.com/Smart-Vision-Works/svw_mono/stage_linmot_ct/commands/registry.go:86.102,88.2 1 1
github.com/Smart-Vision-Works/svw_mono/stage_linmot_ct/commands/registry.go:91.96,93.13 2 1
github.com/Smart-Vision-Works/svw_mono/stage_linmot_ct/commands/registry.go:93.13,95.3 1 1
github.com/Smart-Vision-Works/svw_mono/stage_linmot_ct/commands/registry.go:96.2,96.22 1 1
github.com/Smart-Vision-Works/svw_mono/stage_linmot_ct/commands/registry.go:100.94,102.16 2 1
github.com/Smart-Vision-Works/svw_mono/stage_linmot_ct/commands/registry.go:102.16,104.3 1 1
github.com/Smart-Vision-Works/svw_mono/stage_linmot_ct/commands/registry.go:106.2,106.39 1 1
github.com/Smart-Vision-Works/svw_mono/stage_linmot_ct/commands/registry.go:110.74,112.16 2 1
github.com/Smart-Vision-Works/svw_mono/stage_linmot_ct/commands/registry.go:112.16,114.3 1 1
github.com/Smart-Vision-Works/svw_mono/stage_linmot_ct/commands/registry.go:116.2,116.35 1 1
github.com/Smart-Vision-Works/svw_mono/stage_linmot_ct/commands/registry.go:120.100,122.16 2 1
github.com/Smart-Vision-Works/svw_mono/stage_linmot_ct/commands/registry.go:122.16,124.3 1 1
github.com/Smart-Vision-Works/svw_mono/stage_linmot_ct/commands/registry.go:126.2,126.45 1 1
github.com/Smart-Vision-Works/svw_mono/stage_linmot_ct/commands/registry.go:130.75,132.40 2 1
github.com/Smart-Vision-Works/svw_mono/stage_linmot_ct/commands/registry.go:132.40,134.3 1 1
github.com/Smart-Vision-Works/svw_mono/stage_linmot_ct/commands/registry.go:135.2,135.14 1 1
github.com/Smart-Vision-Works/svw_mono/stage_linmot_ct/commands/registry.go:139.83,142.2 2 1
github.com/Smart-Vision-Works/svw_mono/stage_linmot_ct/commands/registry.go:145.50,147.2 1 1
github.com/Smart-Vision-Works/svw_mono/stage_linmot_ct/commands/registry.go:150.80,187.50 3 1
github.com/Smart-Vision-Works/svw_mono/stage_linmot_ct/commands/registry.go:187.50,189.17 2 1
github.com/Smart-Vision-Works/svw_mono/stage_linmot_ct/commands/registry.go:189.17,191.18 2 1
github.com/Smart-Vision-Works/svw_mono/stage_linmot_ct/commands/registry.go:191.18,193.5 1 0
github.com/Smart-Vision-Works/svw_mono/stage_linmot_ct/commands/registry.go:194.4,199.5 1 1
github.com/Smart-Vision-Works/svw_mono/stage_linmot_ct/commands/registry.go:203.2,203.13 1 1
github.com/Smart-Vision-Works/svw_mono/stage_linmot_ct/commands/registry.go:215.39,217.2 1 1
github.com/Smart-Vision-Works/svw_mono/stage_linmot_ct/commands/system.go:17.94,18.22 1 1
github.com/Smart-Vision-Works/svw_mono/stage_linmot_ct/commands/system.go:19.21,20.39 1 1
github.com/Smart-Vision-Works/svw_mono/stage_linmot_ct/commands/system.go:21.22,22.40 1 1
github.com/Smart-Vision-Works/svw_mono/stage_linmot_ct/commands/system.go:23.34,24.52 1 1
github.com/Smart-Vision-Works/svw_mono/stage_linmot_ct/commands/system.go:25.34,26.52 1 1
github.com/Smart-Vision-Works/svw_mono/stage_linmot_ct/commands/system.go:27.10,28.73 1 0
github.com/Smart-Vision-Works/svw_mono/stage_linmot_ct/commands/system.go:33.74,35.2 1 0
github.com/Smart-Vision-Works/svw_mono/stage_linmot_ct/commands/system.go:38.107,40.2 1 1
github.com/Smart-Vision-Works/svw_mono/stage_linmot_ct/commands/system.go:43.129,48.2 1 1
github.com/Smart-Vision-Works/svw_mono/stage_linmot_ct/commands/system.go:51.98,54.2 1 1
github.com/Smart-Vision-Works/svw_mono/stage_linmot_ct/commands/system.go:57.99,60.2 1 1
github.com/Smart-Vision-Works/svw_mono/stage_linmot_ct/commands/system.go:63.111,66.2 1 1
github.com/Smart-Vision-Works/svw_mono/stage_linmot_ct/commands/system.go:69.111,72.2 1 1
github.com/Smart-Vision-Works/svw_mono/stage_linmot_ct/commands/system.go:75.87,76.22 1 1
github.com/Smart-Vision-Works/svw_mono/stage_linmot_ct/commands/system.go:77.21,78.35 1 1
github.com/Smart-Vision-Works/svw_mono/stage_linmot_ct/commands/system.go:79.22,80.36 1 1
github.com/Smart-Vision-Works/svw_mono/stage_linmot_ct/commands/system.go:81.34,82.48 1 1
github.com/Smart-Vision-Works/svw_mono/stage_linmot_ct/commands/system.go:83.34,84.48 1 1
github.com/Smart-Vision-Works/svw_mono/stage_linmot_ct/commands/system.go:85.10,86.73 1 1
github.com/Smart-Vision-Works/svw_mono/stage_linmot_ct/commands/system.go:91.78,94.2 1 1
github.com/Smart-Vision-Works/svw_mono/stage_linmot_ct/commands/system.go:97.79,100.2 1 1
github.com/Smart-Vision-Works/svw_mono/stage_linmot_ct/commands/system.go:103.91,106.2 1 1
github.com/Smart-Vision-Works/svw_mono/stage_linmot_ct/commands/system.go:109.91,112.2 1 1
github.com/Smart-Vision-Works/svw_mono/stage_linmot_ct/commands/system.go:115.113,116.21 1 1
github.com/Smart-Vision-Works/svw_mono/stage_linmot_ct/commands/system.go:117.21,118.33 1 1
github.com/Smart-Vision-Works/svw_mono/stage_linmot_ct/commands/system.go:119.22,120.34 1 1
github.com/Smart-Vision-Works/svw_mono/stage_linmot_ct/commands/system.go:121.34,122.46 1 1
github.com/Smart-Vision-Works/svw_mono/stage_linmot_ct/commands/system.go:123.34,124.46 1 1
github.com/Smart-Vision-Works/svw_mono/stage_linmot_ct/commands/system.go:125.10,126.81 1 1
github.com/Smart-Vision-Works/svw_mono/stage_linmot_ct/types/commands.go:61.39,62.12 1 1
github.com/Smart-Vision-Works/svw_mono/stage_linmot_ct/types/commands.go:63.23,64.14 1 1
github.com/Smart-Vision-Works/svw_mono/stage_linmot_ct/types/commands.go:65.23,66.14 1 1
github.com/Smart-Vision-Works/svw_mono/stage_linmot_ct/types/commands.go:67.26,68.14 1 1
github.com/Smart-Vision-Works/svw_mono/stage_linmot_ct/types/commands.go:69.14,70.14 1 1
github.com/Smart-Vision-Works/svw_mono/stage_linmot_ct/types/commands.go:71.15,72.14 1 1
github.com/Smart-Vision-Works/svw_mono/stage_linmot_ct/types/commands.go:73.15,74.14 1 1
github.com/Smart-Vision-Works/svw_mono/stage_linmot_ct/types/commands.go:75.23,76.14 1 1
github.com/Smart-Vision-Works/svw_mono/stage_linmot_ct/types/commands.go:77.23,78.14 1 1
github.com/Smart-Vision-Works/svw_mono/stage_linmot_ct/types/commands.go:79.20,80.14 1 1
github.com/Smart-Vision-Works/svw_mono/stage_linmot_ct/types/commands.go:81.27,82.14 1 1
github.com/Smart-Vision-Works/svw_mono/stage_linmot_ct/types/commands.go:83.29,84.14 1 1
github.com/Smart-Vision-Works/svw_mono/stage_linmot_ct/types/commands.go:85.26,86.14 1 1
github.com/Smart-Vision-Works/svw_mono/stage_linmot_ct/types/commands.go:87.27,88.14 1 1
github.com/Smart-Vision-Works/svw_mono/stage_linmot_ct/types/commands.go:89.26,90.14 1 1
github.com/Smart-Vision-Works/svw_mono/stage_linmot_ct/types/commands.go:91.20,92.14 1 1
github.com/Smart-Vision-Works/svw_mono/stage_linmot_ct/types/commands.go:93.18,94.14 1 1
github.com/Smart-Vision-Works/svw_mono/stage_linmot_ct/types/commands.go:95.20,96.14 1 1
github.com/Smart-Vision-Works/svw_mono/stage_linmot_ct/types/commands.go:97.15,98.14 1 1
github.com/Smart-Vision-Works/svw_mono/stage_linmot_ct/types/commands.go:99.21,100.14 1 1
github.com/Smart-Vision-Works/svw_mono/stage_linmot_ct/types/commands.go:101.22,102.14 1 1
github.com/Smart-Vision-Works/svw_mono/stage_linmot_ct/types/commands.go:103.15,104.14 1 1
github.com/Smart-Vision-Works/svw_mono/stage_linmot_ct/types/commands.go:105.16,106.14 1 1
github.com/Smart-Vision-Works/svw_mono/stage_linmot_ct/types/commands.go:107.28,108.14 1 1
github.com/Smart-Vision-Works/svw_mono/stage_linmot_ct/types/commands.go:109.28,110.14 1 1
github.com/Smart-Vision-Works/svw_mono/stage_linmot_ct/types/commands.go:111.25,112.14 1 1
github.com/Smart-Vision-Works/svw_mono/stage_linmot_ct/types/commands.go:113.26,114.14 1 1
github.com/Smart-Vision-Works/svw_mono/stage_linmot_ct/types/commands.go:115.19,116.14 1 1
github.com/Smart-Vision-Works/svw_mono/stage_linmot_ct/types/commands.go:117.28,118.14 1 1
github.com/Smart-Vision-Works/svw_mono/stage_linmot_ct/types/commands.go:119.27,120.14 1 1
github.com/Smart-Vision-Works/svw_mono/stage_linmot_ct/types/commands.go:121.19,122.14 1 1
github.com/Smart-Vision-Works/svw_mono/stage_linmot_ct/types/commands.go:123.10,124.19 1 1
github.com/Smart-Vision-Works/svw_mono/stage_linmot_ct/types/commands.go:186.42,193.2 1 1
github.com/Smart-Vision-Works/svw_mono/stage_linmot_ct/types/commands.go:196.58,199.2 2 1
github.com/Smart-Vision-Works/svw_mono/stage_linmot_ct/types/commands.go:202.73,205.2 2 1
github.com/Smart-Vision-Works/svw_mono/stage_linmot_ct/types/commands.go:208.88,211.2 2 1
github.com/Smart-Vision-Works/svw_mono/stage_linmot_ct/types/commands.go:214.89,215.27 1 1
github.com/Smart-Vision-Works/svw_mono/stage_linmot_ct/types/commands.go:215.27,217.3 1 1
github.com/Smart-Vision-Works/svw_mono/stage_linmot_ct/types/commands.go:218.2,218.11 1 1
github.com/Smart-Vision-Works/svw_mono/stage_linmot_ct/types/commands.go:222.78,225.2 2 1
github.com/Smart-Vision-Works/svw_mono/stage_linmot_ct/types/commands.go:228.69,231.2 2 1
github.com/Smart-Vision-Works/svw_mono/stage_linmot_ct/types/commands.go:234.71,237.2 2 1
github.com/Smart-Vision-Works/svw_mono/stage_linmot_ct/types/commands.go:240.44,244.2 3 1
github.com/Smart-Vision-Works/svw_mono/stage_linmot_ct/types/commands.go:247.36,248.15 1 0
github.com/Smart-Vision-Works/svw_mono/stage_linmot_ct/types/commands.go:248.15,250.3 1 0
github.com/Smart-Vision-Works/svw_mono/stage_linmot_ct/types/commands.go:251.2,251.30 1 0
github.com/Smart-Vision-Works/svw_mono/stage_linmot_ct/types/commands.go:251.30,253.3 1 0
github.com/Smart-Vision-Works/svw_mono/stage_linmot_ct/types/commands.go:254.2,254.12 1 0
github.com/Smart-Vision-Works/svw_mono/stage_linmot_ct/types/commands.go:311.52,318.2 1 1
github.com/Smart-Vision-Works/svw_mono/stage_linmot_ct/types/commands.go:321.72,324.2 2 1
github.com/Smart-Vision-Works/svw_mono/stage_linmot_ct/types/commands.go:327.76,330.2 2 1
github.com/Smart-Vision-Works/svw_mono/stage_linmot_ct/types/commands.go:333.83,336.2 2 1
github.com/Smart-Vision-Works/svw_mono/stage_linmot_ct/types/commands.go:339.80,342.2 2 0
github.com/Smart-Vision-Works/svw_mono/stage_linmot_ct/types/commands.go:345.99,348.2 2 1
github.com/Smart-Vision-Works/svw_mono/stage_linmot_ct/types/commands.go:351.55,355.2 3 1
github.com/Smart-Vision-Works/svw_mono/stage_linmot_ct/types/conditions.go:26.41,27.12 1 1
github.com/Smart-Vision-Works/svw_mono/stage_linmot_ct/types/conditions.go:28.24,29.25 1 1
github.com/Smart-Vision-Works/svw_mono/stage_linmot_ct/types/conditions.go:30.23,31.24 1 1
github.com/Smart-Vision-Works/svw_mono/stage_linmot_ct/types/conditions.go:32.20,33.20 1 1
github.com/Smart-Vision-Works/svw_mono/stage_linmot_ct/types/conditions.go:34.20,35.20 1 1
github.com/Smart-Vision-Works/svw_mono/stage_linmot_ct/types/conditions.go:36.17,37.17 1 1
github.com/Smart-Vision-Works/svw_mono/stage_linmot_ct/types/conditions.go:38.17,39.17 1 1
github.com/Smart-Vision-Works/svw_mono/stage_linmot_ct/types/conditions.go:40.20,41.20 1 1
github.com/Smart-Vision-Works/svw_mono/stage_linmot_ct/types/conditions.go:42.17,43.17 1 1
github.com/Smart-Vision-Works/svw_mono/stage_linmot_ct/types/conditions.go:44.22,45.23 1 1
github.com/Smart-Vision-Works/svw_mono/stage_linmot_ct/types/conditions.go:46.26,47.27 1 1
github.com/Smart-Vision-Works/svw_mono/stage_linmot_ct/types/conditions.go:48.10,49.19 1 1
github.com/Smart-Vision-Works/svw_mono/stage_linmot_ct/types/conditions.go:71.46,72.12 1 1
github.com/Smart-Vision-Works/svw_mono/stage_linmot_ct/types/conditions.go:73.15,74.14 1 1
github.com/Smart-Vision-Works/svw_mono/stage_linmot_ct/types/conditions.go:75.18,76.14 1 1
github.com/Smart-Vision-Works/svw_mono/stage_linmot_ct/types/conditions.go:77.21,78.13 1 1
github.com/Smart-Vision-Works/svw_mono/stage_linmot_ct/types/conditions.go:79.18,80.13 1 1
github.com/Smart-Vision-Works/svw_mono/stage_linmot_ct/types/conditions.go:81.28,82.14 1 1
github.com/Smart-Vision-Works/svw_mono/stage_linmot_ct/types/conditions.go:83.25,84.14 1 1
github.com/Smart-Vision-Works/svw_mono/stage_linmot_ct/types/conditions.go:85.13,86.14 1 1
github.com/Smart-Vision-Works/svw_mono/stage_linmot_ct/types/conditions.go:87.12,88.14 1 1
github.com/Smart-Vision-Works/svw_mono/stage_linmot_ct/types/conditions.go:89.13,90.13 1 1
github.com/Smart-Vision-Works/svw_mono/stage_linmot_ct/types/conditions.go:91.12,92.14 1 1
github.com/Smart-Vision-Works/svw_mono/stage_linmot_ct/types/conditions.go:93.15,94.18 1 1
github.com/Smart-Vision-Works/svw_mono/stage_linmot_ct/types/conditions.go:95.10,96.19 1 1
github.com/Smart-Vision-Works/svw_mono/stage_linmot_ct/types/conditions.go:123.46,127.2 1 1
github.com/Smart-Vision-Works/svw_mono/stage_linmot_ct/types/conditions.go:130.80,133.2 2 1
github.com/Smart-Vision-Works/svw_mono/stage_linmot_ct/types/conditions.go:136.75,139.2 2 1
github.com/Smart-Vision-Works/svw_mono/stage_linmot_ct/types/conditions.go:142.83,145.2 2 1
github.com/Smart-Vision-Works/svw_mono/stage_linmot_ct/types/conditions.go:148.76,151.2 2 1
github.com/Smart-Vision-Works/svw_mono/stage_linmot_ct/types/conditions.go:154.79,157.2 2 1
github.com/Smart-Vision-Works/svw_mono/stage_linmot_ct/types/conditions.go:160.76,163.2 2 1
github.com/Smart-Vision-Works/svw_mono/stage_linmot_ct/types/conditions.go:166.48,168.2 1 1
github.com/Smart-Vision-Works/svw_mono/stage_linmot_ct/types/conditions.go:171.93,179.2 1 1
github.com/Smart-Vision-Works/svw_mono/stage_linmot_ct/types/conditions.go:182.135,190.2 1 1
github.com/Smart-Vision-Works/svw_mono/stage_linmot_ct/types/conditions.go:193.109,201.2 1 1
github.com/Smart-Vision-Works/svw_mono/stage_linmot_ct/types/conditions.go:204.109,212.2 1 1
github.com/Smart-Vision-Works/svw_mono/stage_linmot_ct/types/conditions.go:215.100,223.2 1 1
github.com/Smart-Vision-Works/svw_mono/stage_linmot_ct/types/conditions.go:226.82,233.2 1 1
github.com/Smart-Vision-Works/svw_mono/stage_linmot_ct/types/conditions.go:236.99,243.2 1 1
github.com/Smart-Vision-Works/svw_mono/stage_linmot_ct/types/conditions.go:246.84,253.2 1 1
github.com/Smart-Vision-Works/svw_mono/stage_linmot_ct/types/conditions.go:256.61,264.2 1 1
github.com/Smart-Vision-Works/svw_mono/stage_linmot_ct/types/conditions.go:281.38,282.12 1 1
github.com/Smart-Vision-Works/svw_mono/stage_linmot_ct/types/conditions.go:283.26,284.20 1 1
github.com/Smart-Vision-Works/svw_mono/stage_linmot_ct/types/conditions.go:285.25,286.19 1 1
github.com/Smart-Vision-Works/svw_mono/stage_linmot_ct/types/conditions.go:287.24,288.18 1 1
github.com/Smart-Vision-Works/svw_mono/stage_linmot_ct/types/conditions.go:289.24,290.18 1 1
github.com/Smart-Vision-Works/svw_mono/stage_linmot_ct/types/conditions.go:291.25,292.19 1 1
github.com/Smart-Vision-Works/svw_mono/stage_linmot_ct/types/conditions.go:293.23,294.17 1 1
github.com/Smart-Vision-Works/svw_mono/stage_linmot_ct/types/conditions.go:295.23,296.17 1 1
github.com/Smart-Vision-Works/svw_mono/stage_linmot_ct/types/conditions.go:297.23,298.17 1 1
github.com/Smart-Vision-Works/svw_mono/stage_linmot_ct/types/conditions.go:299.10,300.19 1 1
github.com/Smart-Vision-Works/svw_mono/stage_linmot_ct/types/conditions.go:311.130,312.29 1 1
github.com/Smart-Vision-Works/svw_mono/stage_linmot_ct/types/conditions.go:312.29,314.3 1 1
github.com/Smart-Vision-Works/svw_mono/stage_linmot_ct/types/conditions.go:316.2,316.21 1 1
github.com/Smart-Vision-Works/svw_mono/stage_linmot_ct/types/conditions.go:317.13,318.43 1 1
github.com/Smart-Vision-Works/svw_mono/stage_linmot_ct/types/conditions.go:318.43,320.18 2 1
github.com/Smart-Vision-Works/svw_mono/stage_linmot_ct/types/conditions.go:320.18,322.5 1 0
github.com/Smart-Vision-Works/svw_mono/stage_linmot_ct/types/conditions.go:323.4,323.15 1 1
github.com/Smart-Vision-Works/svw_mono/stage_linmot_ct/types/conditions.go:323.15,325.5 1 1
github.com/Smart-Vision-Works/svw_mono/stage_linmot_ct/types/conditions.go:327.3,327.19 1 0
github.com/Smart-Vision-Works/svw_mono/stage_linmot_ct/types/conditions.go:329.12,330.43 1 1
github.com/Smart-Vision-Works/svw_mono/stage_linmot_ct/types/conditions.go:330.43,332.18 2 1
github.com/Smart-Vision-Works/svw_mono/stage_linmot_ct/types/conditions.go:332.18,334.5 1 0
github.com/Smart-Vision-Works/svw_mono/stage_linmot_ct/types/conditions.go:335.4,335.14 1 1
github.com/Smart-Vision-Works/svw_mono/stage_linmot_ct/types/conditions.go:335.14,337.5 1 1
github.com/Smart-Vision-Works/svw_mono/stage_linmot_ct/types/conditions.go:339.3,339.20 1 0
github.com/Smart-Vision-Works/svw_mono/stage_linmot_ct/types/conditions.go:341.10,342.83 1 1
github.com/Smart-Vision-Works/svw_mono/stage_linmot_ct/types/conditions.go:385.92,389.2 1 0
github.com/Smart-Vision-Works/svw_mono/stage_linmot_ct/types/conditions.go:392.134,393.24 1 0
github.com/Smart-Vision-Works/svw_mono/stage_linmot_ct/types/conditions.go:394.24,395.56 1 0
github.com/Smart-Vision-Works/svw_mono/stage_linmot_ct/types/conditions.go:396.23,397.55 1 0
github.com/Smart-Vision-Works/svw_mono/stage_linmot_ct/types/conditions.go:398.20,399.52 1 0
github.com/Smart-Vision-Works/svw_mono/stage_linmot_ct/types/conditions.go:400.20,401.52 1 0
github.com/Smart-Vision-Works/svw_mono/stage_linmot_ct/types/conditions.go:402.17,403.49 1 0
github.com/Smart-Vision-Works/svw_mono/stage_linmot_ct/types/conditions.go:404.17,405.49 1 0
github.com/Smart-Vision-Works/svw_mono/stage_linmot_ct/types/conditions.go:406.20,407.52 1 0
github.com/Smart-Vision-Works/svw_mono/stage_linmot_ct/types/conditions.go:408.22,409.54 1 0
github.com/Smart-Vision-Works/svw_mono/stage_linmot_ct/types/conditions.go:410.26,411.58 1 0
github.com/Smart-Vision-Works/svw_mono/stage_linmot_ct/types/conditions.go:412.10,413.82 1 0
github.com/Smart-Vision-Works/svw_mono/stage_linmot_ct/types/conditions.go:418.78,420.2 1 0
github.com/Smart-Vision-Works/svw_mono/stage_linmot_ct/types/conditions.go:423.86,424.24 1 0
github.com/Smart-Vision-Works/svw_mono/stage_linmot_ct/types/conditions.go:425.116,426.34 1 0
github.com/Smart-Vision-Works/svw_mono/stage_linmot_ct/types/conditions.go:427.17,428.27 1 0
github.com/Smart-Vision-Works/svw_mono/stage_linmot_ct/types/conditions.go:429.20,430.31 1 0
github.com/Smart-Vision-Works/svw_mono/stage_linmot_ct/types/conditions.go:431.10,432.20 1 0
github.com/Smart-Vision-Works/svw_mono/stage_linmot_ct/types/conditions.go:437.146,443.16 4 0
github.com/Smart-Vision-Works/svw_mono/stage_linmot_ct/types/conditions.go:443.16,445.3 1 0
github.com/Smart-Vision-Works/svw_mono/stage_linmot_ct/types/conditions.go:447.2,448.9 2 0
github.com/Smart-Vision-Works/svw_mono/stage_linmot_ct/types/conditions.go:448.9,450.3 1 0
github.com/Smart-Vision-Works/svw_mono/stage_linmot_ct/types/conditions.go:452.2,452.42 1 0
github.com/Smart-Vision-Works/svw_mono/stage_linmot_ct/types/conditions.go:456.145,462.16 4 0
github.com/Smart-Vision-Works/svw_mono/stage_linmot_ct/types/conditions.go:462.16,464.3 1 0
github.com/Smart-Vision-Works/svw_mono/stage_linmot_ct/types/conditions.go:466.2,467.9 2 0
github.com/Smart-Vision-Works/svw_mono/stage_linmot_ct/types/conditions.go:467.9,469.3 1 0
github.com/Smart-Vision-Works/svw_mono/stage_linmot_ct/types/conditions.go:472.2,473.59 2 0
github.com/Smart-Vision-Works/svw_mono/stage_linmot_ct/types/conditions.go:477.142,481.16 3 0
github.com/Smart-Vision-Works/svw_mono/stage_linmot_ct/types/conditions.go:481.16,483.3 1 0
github.com/Smart-Vision-Works/svw_mono/stage_linmot_ct/types/conditions.go:485.2,486.9 2 0
github.com/Smart-Vision-Works/svw_mono/stage_linmot_ct/types/conditions.go:486.9,488.3 1 0
github.com/Smart-Vision-Works/svw_mono/stage_linmot_ct/types/conditions.go:491.2,498.59 4 0
github.com/Smart-Vision-Works/svw_mono/stage_linmot_ct/types/conditions.go:502.142,506.16 3 0
github.com/Smart-Vision-Works/svw_mono/stage_linmot_ct/types/conditions.go:506.16,508.3 1 0
github.com/Smart-Vision-Works/svw_mono/stage_linmot_ct/types/conditions.go:510.2,511.9 2 0
github.com/Smart-Vision-Works/svw_mono/stage_linmot_ct/types/conditions.go:511.9,513.3 1 0
github.com/Smart-Vision-Works/svw_mono/stage_linmot_ct/types/conditions.go:516.2,523.59 4 0
github.com/Smart-Vision-Works/svw_mono/stage_linmot_ct/types/conditions.go:527.139,531.16 3 0
github.com/Smart-Vision-Works/svw_mono/stage_linmot_ct/types/conditions.go:531.16,533.3 1 0
github.com/Smart-Vision-Works/svw_mono/stage_linmot_ct/types/conditions.go:535.2,536.9 2 0
github.com/Smart-Vision-Works/svw_mono/stage_linmot_ct/types/conditions.go:536.9,538.3 1 0
github.com/Smart-Vision-Works/svw_mono/stage_linmot_ct/types/conditions.go:541.2,548.59 4 0
github.com/Smart-Vision-Works/svw_mono/stage_linmot_ct/types/conditions.go:552.139,556.2 1 0
github.com/Smart-Vision-Works/svw_mono/stage_linmot_ct/types/conditions.go:559.142,561.9 2 0
github.com/Smart-Vision-Works/svw_mono/stage_linmot_ct/types/conditions.go:561.9,563.3 1 0
github.com/Smart-Vision-Works/svw_mono/stage_linmot_ct/types/conditions.go:566.2,567.61 2 0
github.com/Smart-Vision-Works/svw_mono/stage_linmot_ct/types/conditions.go:571.144,575.16 3 0
github.com/Smart-Vision-Works/svw_mono/stage_linmot_ct/types/conditions.go:575.16,577.3 1 0
[...]
github.com/Smart-Vision-Works/svw_mono/stage_linmot_ct/types/units.go:379.103,381.47 1 1
github.com/Smart-Vision-Works/svw_mono/stage_linmot_ct/types/units.go:381.47,382.47 1 1
github.com/Smart-Vision-Works/svw_mono/stage_linmot_ct/types/units.go:382.47,385.4 2 0
github.com/Smart-Vision-Works/svw_mono/stage_linmot_ct/types/units.go:389.2,389.47 1 1
github.com/Smart-Vision-Works/svw_mono/stage_linmot_ct/types/units.go:389.47,390.47 1 0
github.com/Smart-Vision-Works/svw_mono/stage_linmot_ct/types/units.go:390.47,393.4 2 0
github.com/Smart-Vision-Works/svw_mono/stage_linmot_ct/types/units.go:397.2,397.46 1 1
github.com/Smart-Vision-Works/svw_mono/stage_linmot_ct/types/units.go:397.46,398.48 1 0
github.com/Smart-Vision-Works/svw_mono/stage_linmot_ct/types/units.go:398.48,401.4 2 0
github.com/Smart-Vision-Works/svw_mono/stage_linmot_ct/types/units.go:405.2,405.50 1 1
github.com/Smart-Vision-Works/svw_mono/stage_linmot_ct/types/units.go:405.50,406.51 1 1
github.com/Smart-Vision-Works/svw_mono/stage_linmot_ct/types/units.go:406.51,409.4 2 0
github.com/Smart-Vision-Works/svw_mono/stage_linmot_ct/types/units.go:412.2,412.12 1 1
github.com/Smart-Vision-Works/svw_mono/stage_linmot_ct/types/units.go:421.54,425.2 1 1
github.com/Smart-Vision-Works/svw_mono/stage_linmot_ct/types/units.go:428.98,430.2 1 1
github.com/Smart-Vision-Works/svw_mono/stage_linmot_ct/types/units.go:433.96,435.9 2 1
github.com/Smart-Vision-Works/svw_mono/stage_linmot_ct/types/units.go:435.9,437.3 1 1
github.com/Smart-Vision-Works/svw_mono/stage_linmot_ct/types/units.go:439.2,440.9 2 1
github.com/Smart-Vision-Works/svw_mono/stage_linmot_ct/types/units.go:440.9,442.3 1 0
github.com/Smart-Vision-Works/svw_mono/stage_linmot_ct/types/units.go:444.2,445.9 2 1
github.com/Smart-Vision-Works/svw_mono/stage_linmot_ct/types/units.go:445.9,447.3 1 0
github.com/Smart-Vision-Works/svw_mono/stage_linmot_ct/types/units.go:449.2,449.65 1 1
github.com/Smart-Vision-Works/svw_mono/stage_linmot_ct/types/units.go:453.68,455.53 2 1
github.com/Smart-Vision-Works/svw_mono/stage_linmot_ct/types/units.go:455.53,457.3 1 1
github.com/Smart-Vision-Works/svw_mono/stage_linmot_ct/types/units.go:458.2,458.14 1 1
github.com/Smart-Vision-Works/svw_mono/stage_linmot_ct/safety/guards.go:37.36,49.2 1 1
github.com/Smart-Vision-Works/svw_mono/stage_linmot_ct/safety/guards.go:52.66,56.2 1 1
github.com/Smart-Vision-Works/svw_mono/stage_linmot_ct/safety/guards.go:59.65,60.38 1 1
github.com/Smart-Vision-Works/svw_mono/stage_linmot_ct/safety/guards.go:60.38,62.3 1 1
github.com/Smart-Vision-Works/svw_mono/stage_linmot_ct/safety/guards.go:63.2,63.38 1 1
github.com/Smart-Vision-Works/svw_mono/stage_linmot_ct/safety/guards.go:63.38,65.3 1 1
github.com/Smart-Vision-Works/svw_mono/stage_linmot_ct/safety/guards.go:66.2,66.12 1 1
github.com/Smart-Vision-Works/svw_mono/stage_linmot_ct/safety/guards.go:70.65,71.18 1 1
github.com/Smart-Vision-Works/svw_mono/stage_linmot_ct/safety/guards.go:71.18,73.3 1 1
github.com/Smart-Vision-Works/svw_mono/stage_linmot_ct/safety/guards.go:74.2,74.38 1 1
github.com/Smart-Vision-Works/svw_mono/stage_linmot_ct/safety/guards.go:74.38,76.3 1 1
github.com/Smart-Vision-Works/svw_mono/stage_linmot_ct/safety/guards.go:77.2,77.12 1 1
github.com/Smart-Vision-Works/svw_mono/stage_linmot_ct/safety/guards.go:81.59,82.32 1 1
github.com/Smart-Vision-Works/svw_mono/stage_linmot_ct/safety/guards.go:82.32,84.3 1 1
github.com/Smart-Vision-Works/svw_mono/stage_linmot_ct/safety/guards.go:85.2,85.32 1 1
github.com/Smart-Vision-Works/svw_mono/stage_linmot_ct/safety/guards.go:85.32,87.3 1 1
github.com/Smart-Vision-Works/svw_mono/stage_linmot_ct/safety/guards.go:88.2,88.12 1 1
github.com/Smart-Vision-Works/svw_mono/stage_linmot_ct/safety/guards.go:92.73,93.22 1 1
github.com/Smart-Vision-Works/svw_mono/stage_linmot_ct/safety/guards.go:93.22,95.3 1 1
github.com/Smart-Vision-Works/svw_mono/stage_linmot_ct/safety/guards.go:96.2,96.46 1 1
github.com/Smart-Vision-Works/svw_mono/stage_linmot_ct/safety/guards.go:96.46,98.3 1 1
github.com/Smart-Vision-Works/svw_mono/stage_linmot_ct/safety/guards.go:99.2,99.12 1 1
github.com/Smart-Vision-Works/svw_mono/stage_linmot_ct/safety/guards.go:103.57,104.14 1 1
github.com/Smart-Vision-Works/svw_mono/stage_linmot_ct/safety/guards.go:104.14,106.3 1 1
github.com/Smart-Vision-Works/svw_mono/stage_linmot_ct/safety/guards.go:107.2,107.30 1 1
github.com/Smart-Vision-Works/svw_mono/stage_linmot_ct/safety/guards.go:107.30,109.3 1 1
github.com/Smart-Vision-Works/svw_mono/stage_linmot_ct/safety/guards.go:110.2,110.12 1 1
github.com/Smart-Vision-Works/svw_mono/stage_linmot_ct/safety/guards.go:114.112,118.85 2 0
github.com/Smart-Vision-Works/svw_mono/stage_linmot_ct/safety/guards.go:118.85,120.69 2 0
github.com/Smart-Vision-Works/svw_mono/stage_linmot_ct/safety/guards.go:120.69,122.4 1 0
github.com/Smart-Vision-Works/svw_mono/stage_linmot_ct/safety/guards.go:126.2,126.85 1 0
github.com/Smart-Vision-Works/svw_mono/stage_linmot_ct/safety/guards.go:126.85,128.69 2 0
github.com/Smart-Vision-Works/svw_mono/stage_linmot_ct/safety/guards.go:128.69,130.4 1 0
github.com/Smart-Vision-Works/svw_mono/stage_linmot_ct/safety/guards.go:134.2,134.97 1 0
github.com/Smart-Vision-Works/svw_mono/stage_linmot_ct/safety/guards.go:134.97,136.77 2 0
github.com/Smart-Vision-Works/svw_mono/stage_linmot_ct/safety/guards.go:136.77,138.4 1 0
github.com/Smart-Vision-Works/svw_mono/stage_linmot_ct/safety/guards.go:142.2,142.73 1 0
github.com/Smart-Vision-Works/svw_mono/stage_linmot_ct/safety/guards.go:142.73,144.61 2 0
github.com/Smart-Vision-Works/svw_mono/stage_linmot_ct/safety/guards.go:144.61,146.4 1 0
github.com/Smart-Vision-Works/svw_mono/stage_linmot_ct/safety/guards.go:149.2,149.12 1 0
github.com/Smart-Vision-Works/svw_mono/stage_linmot_ct/safety/guards.go:153.111,157.76 2 0
github.com/Smart-Vision-Works/svw_mono/stage_linmot_ct/safety/guards.go:157.76,159.63 2 0
github.com/Smart-Vision-Works/svw_mono/stage_linmot_ct/safety/guards.go:159.63,161.4 1 0
github.com/Smart-Vision-Works/svw_mono/stage_linmot_ct/safety/guards.go:164.2,164.12 1 0
github.com/Smart-Vision-Works/svw_mono/stage_linmot_ct/safety/guards.go:168.50,170.2 1 1
github.com/Smart-Vision-Works/svw_mono/stage_linmot_ct/safety/guards.go:173.62,174.19 1 1
github.com/Smart-Vision-Works/svw_mono/stage_linmot_ct/safety/guards.go:174.19,176.3 1 1
github.com/Smart-Vision-Works/svw_mono/stage_linmot_ct/safety/guards.go:179.2,179.46 1 1
github.com/Smart-Vision-Works/svw_mono/stage_linmot_ct/safety/guards.go:179.46,181.3 1 1
github.com/Smart-Vision-Works/svw_mono/stage_linmot_ct/safety/guards.go:182.2,182.29 1 1
github.com/Smart-Vision-Works/svw_mono/stage_linmot_ct/safety/guards.go:182.29,184.3 1 0
github.com/Smart-Vision-Works/svw_mono/stage_linmot_ct/safety/guards.go:185.2,185.40 1 1
github.com/Smart-Vision-Works/svw_mono/stage_linmot_ct/safety/guards.go:185.40,187.3 1 0
github.com/Smart-Vision-Works/svw_mono/stage_linmot_ct/safety/guards.go:188.2,188.33 1 1
github.com/Smart-Vision-Works/svw_mono/stage_linmot_ct/safety/guards.go:188.33,190.3 1 0
github.com/Smart-Vision-Works/svw_mono/stage_linmot_ct/safety/guards.go:191.2,191.25 1 1
github.com/Smart-Vision-Works/svw_mono/stage_linmot_ct/safety/guards.go:191.25,193.3 1 0
github.com/Smart-Vision-Works/svw_mono/stage_linmot_ct/safety/guards.go:195.2,196.12 2 1
github.com/Smart-Vision-Works/svw_mono/stage_linmot_ct/safety/guards.go:206.53,208.2 1 1
github.com/Smart-Vision-Works/svw_mono/stage_linmot_ct/safety/guards.go:211.126,213.50 1 1
github.com/Smart-Vision-Works/svw_mono/stage_linmot_ct/safety/guards.go:213.50,215.3 1 0
github.com/Smart-Vision-Works/svw_mono/stage_linmot_ct/safety/guards.go:219.2,221.12 2 1
github.com/Smart-Vision-Works/svw_mono/stage_linmot_ct/safety/limits.go:29.43,31.17 2 1
github.com/Smart-Vision-Works/svw_mono/stage_linmot_ct/safety/limits.go:32.25,33.25 1 1
github.com/Smart-Vision-Works/svw_mono/stage_linmot_ct/safety/limits.go:34.25,35.25 1 1
github.com/Smart-Vision-Works/svw_mono/stage_linmot_ct/safety/limits.go:36.22,37.22 1 0
github.com/Smart-Vision-Works/svw_mono/stage_linmot_ct/safety/limits.go:38.29,39.29 1 0
github.com/Smart-Vision-Works/svw_mono/stage_linmot_ct/safety/limits.go:40.21,41.21 1 0
github.com/Smart-Vision-Works/svw_mono/stage_linmot_ct/safety/limits.go:44.2,45.18 2 1
github.com/Smart-Vision-Works/svw_mono/stage_linmot_ct/safety/limits.go:45.18,47.3 1 1
github.com/Smart-Vision-Works/svw_mono/stage_linmot_ct/safety/limits.go:49.2,50.55 1 1
github.com/Smart-Vision-Works/svw_mono/stage_linmot_ct/safety/limits.go:54.42,56.2 1 1
github.com/Smart-Vision-Works/svw_mono/stage_linmot_ct/safety/limits.go:64.58,68.2 1 1
github.com/Smart-Vision-Works/svw_mono/stage_linmot_ct/safety/limits.go:71.81,74.38 2 1
github.com/Smart-Vision-Works/svw_mono/stage_linmot_ct/safety/limits.go:74.38,82.3 1 1
github.com/Smart-Vision-Works/svw_mono/stage_linmot_ct/safety/limits.go:84.2,84.38 1 1
github.com/Smart-Vision-Works/svw_mono/stage_linmot_ct/safety/limits.go:84.38,92.3 1 1
github.com/Smart-Vision-Works/svw_mono/stage_linmot_ct/safety/limits.go:94.2,94.19 1 1
github.com/Smart-Vision-Works/svw_mono/stage_linmot_ct/safety/limits.go:98.81,101.18 2 1
github.com/Smart-Vision-Works/svw_mono/stage_linmot_ct/safety/limits.go:101.18,109.3 1 1
github.com/Smart-Vision-Works/svw_mono/stage_linmot_ct/safety/limits.go:111.2,111.38 1 1
github.com/Smart-Vision-Works/svw_mono/stage_linmot_ct/safety/limits.go:111.38,119.3 1 1
github.com/Smart-Vision-Works/svw_mono/stage_linmot_ct/safety/limits.go:121.2,121.19 1 1
github.com/Smart-Vision-Works/svw_mono/stage_linmot_ct/safety/limits.go:125.75,128.32 2 1
github.com/Smart-Vision-Works/svw_mono/stage_linmot_ct/safety/limits.go:128.32,136.3 1 1
github.com/Smart-Vision-Works/svw_mono/stage_linmot_ct/safety/limits.go:138.2,138.32 1 1
github.com/Smart-Vision-Works/svw_mono/stage_linmot_ct/safety/limits.go:138.32,146.3 1 1
github.com/Smart-Vision-Works/svw_mono/stage_linmot_ct/safety/limits.go:148.2,148.19 1 1
github.com/Smart-Vision-Works/svw_mono/stage_linmot_ct/safety/limits.go:152.89,155.22 2 1
github.com/Smart-Vision-Works/svw_mono/stage_linmot_ct/safety/limits.go:155.22,163.3 1 0
github.com/Smart-Vision-Works/svw_mono/stage_linmot_ct/safety/limits.go:165.2,165.46 1 1
github.com/Smart-Vision-Works/svw_mono/stage_linmot_ct/safety/limits.go:165.46,173.3 1 1
github.com/Smart-Vision-Works/svw_mono/stage_linmot_ct/safety/limits.go:175.2,175.19 1 1
github.com/Smart-Vision-Works/svw_mono/stage_linmot_ct/safety/limits.go:179.73,182.14 2 1
github.com/Smart-Vision-Works/svw_mono/stage_linmot_ct/safety/limits.go:182.14,190.3 1 0
github.com/Smart-Vision-Works/svw_mono/stage_linmot_ct/safety/limits.go:192.2,192.30 1 1
github.com/Smart-Vision-Works/svw_mono/stage_linmot_ct/safety/limits.go:192.30,200.3 1 1
github.com/Smart-Vision-Works/svw_mono/stage_linmot_ct/safety/limits.go:202.2,202.19 1 1
github.com/Smart-Vision-Works/svw_mono/stage_linmot_ct/safety/limits.go:206.113,210.27 2 1
github.com/Smart-Vision-Works/svw_mono/stage_linmot_ct/safety/limits.go:210.27,212.3 1 1
github.com/Smart-Vision-Works/svw_mono/stage_linmot_ct/safety/limits.go:213.2,213.27 1 1
github.com/Smart-Vision-Works/svw_mono/stage_linmot_ct/safety/limits.go:213.27,215.3 1 1
github.com/Smart-Vision-Works/svw_mono/stage_linmot_ct/safety/limits.go:216.2,216.24 1 1
github.com/Smart-Vision-Works/svw_mono/stage_linmot_ct/safety/limits.go:216.24,218.3 1 1
github.com/Smart-Vision-Works/svw_mono/stage_linmot_ct/safety/limits.go:219.2,219.31 1 1
github.com/Smart-Vision-Works/svw_mono/stage_linmot_ct/safety/limits.go:219.31,221.3 1 1
github.com/Smart-Vision-Works/svw_mono/stage_linmot_ct/safety/limits.go:222.2,222.23 1 1
github.com/Smart-Vision-Works/svw_mono/stage_linmot_ct/safety/limits.go:222.23,224.3 1 1
github.com/Smart-Vision-Works/svw_mono/stage_linmot_ct/safety/limits.go:226.2,226.22 1 1
github.com/Smart-Vision-Works/svw_mono/stage_linmot_ct/safety/limits.go:230.48,231.22 1 1
github.com/Smart-Vision-Works/svw_mono/stage_linmot_ct/safety/limits.go:231.22,233.3 1 0
github.com/Smart-Vision-Works/svw_mono/stage_linmot_ct/safety/limits.go:235.2,235.52 1 1
github.com/Smart-Vision-Works/svw_mono/stage_linmot_ct/safety/limits.go:235.52,238.3 1 1
github.com/Smart-Vision-Works/svw_mono/stage_linmot_ct/safety/limits.go:240.2,240.32 1 1
github.com/Smart-Vision-Works/svw_mono/stage_linmot_ct/safety/limits.go:240.32,242.3 1 1
github.com/Smart-Vision-Works/svw_mono/stage_linmot_ct/safety/limits.go:244.2,244.46 1 1
github.com/Smart-Vision-Works/svw_mono/stage_linmot_ct/safety/limits.go:244.46,247.3 1 1
github.com/Smart-Vision-Works/svw_mono/stage_linmot_ct/safety/limits.go:249.2,249.36 1 1
github.com/Smart-Vision-Works/svw_mono/stage_linmot_ct/safety/limits.go:249.36,251.3 1 0
github.com/Smart-Vision-Works/svw_mono/stage_linmot_ct/safety/limits.go:253.2,253.28 1 1
github.com/Smart-Vision-Works/svw_mono/stage_linmot_ct/safety/limits.go:253.28,255.3 1 0
github.com/Smart-Vision-Works/svw_mono/stage_linmot_ct/safety/limits.go:258.2,258.43 1 1
github.com/Smart-Vision-Works/svw_mono/stage_linmot_ct/safety/limits.go:258.43,260.3 1 1
github.com/Smart-Vision-Works/svw_mono/stage_linmot_ct/safety/limits.go:262.2,262.33 1 1
github.com/Smart-Vision-Works/svw_mono/stage_linmot_ct/safety/limits.go:262.33,264.3 1 0
github.com/Smart-Vision-Works/svw_mono/stage_linmot_ct/safety/limits.go:266.2,266.12 1 1
github.com/Smart-Vision-Works/svw_mono/stage_linmot_ct/safety/limits.go:270.51,272.2 1 0
github.com/Smart-Vision-Works/svw_mono/stage_linmot_ct/safety/limits.go:275.63,276.19 1 1
github.com/Smart-Vision-Works/svw_mono/stage_linmot_ct/safety/limits.go:276.19,278.3 1 0
github.com/Smart-Vision-Works/svw_mono/stage_linmot_ct/safety/limits.go:281.2,282.49 2 1
github.com/Smart-Vision-Works/svw_mono/stage_linmot_ct/safety/limits.go:282.49,284.3 1 1
github.com/Smart-Vision-Works/svw_mono/stage_linmot_ct/safety/limits.go:286.2,287.12 2 1
github.com/Smart-Vision-Works/svw_mono/stage_linmot_ct/safety/preconditions.go:18.115,23.2 1 1
github.com/Smart-Vision-Works/svw_mono/stage_linmot_ct/safety/preconditions.go:33.45,35.2 1 1
github.com/Smart-Vision-Works/svw_mono/stage_linmot_ct/safety/preconditions.go:38.99,40.16 2 1
github.com/Smart-Vision-Works/svw_mono/stage_linmot_ct/safety/preconditions.go:40.16,49.3 1 0
github.com/Smart-Vision-Works/svw_mono/stage_linmot_ct/safety/preconditions.go:52.2,52.22 1 1
github.com/Smart-Vision-Works/svw_mono/stage_linmot_ct/safety/preconditions.go:53.92,54.82 1 1
github.com/Smart-Vision-Works/svw_mono/stage_linmot_ct/safety/preconditions.go:54.82,64.4 1 1
github.com/Smart-Vision-Works/svw_mono/stage_linmot_ct/safety/preconditions.go:66.21,68.13 1 1
github.com/Smart-Vision-Works/svw_mono/stage_linmot_ct/safety/preconditions.go:70.76,71.42 1 1
github.com/Smart-Vision-Works/svw_mono/stage_linmot_ct/safety/preconditions.go:71.42,80.4 1 1
github.com/Smart-Vision-Works/svw_mono/stage_linmot_ct/safety/preconditions.go:82.37,83.43 1 1
github.com/Smart-Vision-Works/svw_mono/stage_linmot_ct/safety/preconditions.go:83.43,92.4 1 1
github.com/Smart-Vision-Works/svw_mono/stage_linmot_ct/safety/preconditions.go:94.10,96.42 1 0
github.com/Smart-Vision-Works/svw_mono/stage_linmot_ct/safety/preconditions.go:96.42,105.4 1 0
github.com/Smart-Vision-Works/svw_mono/stage_linmot_ct/safety/preconditions.go:108.2,108.12 1 1
github.com/Smart-Vision-Works/svw_mono/stage_linmot_ct/safety/preconditions.go:112.108,115.16 2 1
github.com/Smart-Vision-Works/svw_mono/stage_linmot_ct/safety/preconditions.go:115.16,124.3 1 0
github.com/Smart-Vision-Works/svw_mono/stage_linmot_ct/safety/preconditions.go:126.2,126.21 1 1
github.com/Smart-Vision-Works/svw_mono/stage_linmot_ct/safety/preconditions.go:126.21,135.3 1 1
github.com/Smart-Vision-Works/svw_mono/stage_linmot_ct/safety/preconditions.go:137.2,137.12 1 1
github.com/Smart-Vision-Works/svw_mono/stage_linmot_ct/safety/preconditions.go:141.108,143.44 1 1
github.com/Smart-Vision-Works/svw_mono/stage_linmot_ct/safety/preconditions.go:143.44,151.3 1 1
github.com/Smart-Vision-Works/svw_mono/stage_linmot_ct/safety/preconditions.go:154.2,155.16 2 1
github.com/Smart-Vision-Works/svw_mono/stage_linmot_ct/safety/preconditions.go:155.16,164.3 1 0
github.com/Smart-Vision-Works/svw_mono/stage_linmot_ct/safety/preconditions.go:166.2,166.73 1 1
github.com/Smart-Vision-Works/svw_mono/stage_linmot_ct/safety/preconditions.go:166.73,176.3 1 1
github.com/Smart-Vision-Works/svw_mono/stage_linmot_ct/safety/preconditions.go:178.2,178.12 1 1
github.com/Smart-Vision-Works/svw_mono/stage_linmot_ct/safety/preconditions.go:182.111,186.22 2 1
github.com/Smart-Vision-Works/svw_mono/stage_linmot_ct/safety/preconditions.go:187.78,189.79 1 1
github.com/Smart-Vision-Works/svw_mono/stage_linmot_ct/safety/preconditions.go:189.79,199.4 1 1
github.com/Smart-Vision-Works/svw_mono/stage_linmot_ct/safety/preconditions.go:201.20,203.79 1 1
github.com/Smart-Vision-Works/svw_mono/stage_linmot_ct/safety/preconditions.go:203.79,213.4 1 1
github.com/Smart-Vision-Works/svw_mono/stage_linmot_ct/safety/preconditions.go:215.25,217.73 1 1
github.com/Smart-Vision-Works/svw_mono/stage_linmot_ct/safety/preconditions.go:217.73,227.4 1 1
github.com/Smart-Vision-Works/svw_mono/stage_linmot_ct/safety/preconditions.go:230.2,230.12 1 1
github.com/Smart-Vision-Works/svw_mono/stage_linmot_ct/safety/preconditions.go:234.105,236.57 1 1
github.com/Smart-Vision-Works/svw_mono/stage_linmot_ct/safety/preconditions.go:236.57,238.3 1 0
github.com/Smart-Vision-Works/svw_mono/stage_linmot_ct/safety/preconditions.go:241.2,241.35 1 1
github.com/Smart-Vision-Works/svw_mono/stage_linmot_ct/safety/preconditions.go:241.35,242.67 1 1
github.com/Smart-Vision-Works/svw_mono/stage_linmot_ct/safety/preconditions.go:242.67,244.4 1 0
github.com/Smart-Vision-Works/svw_mono/stage_linmot_ct/safety/preconditions.go:248.2,248.66 1 1
github.com/Smart-Vision-Works/svw_mono/stage_linmot_ct/safety/preconditions.go:248.66,250.3 1 0
github.com/Smart-Vision-Works/svw_mono/stage_linmot_ct/safety/preconditions.go:253.2,253.69 1 1
github.com/Smart-Vision-Works/svw_mono/stage_linmot_ct/safety/preconditions.go:253.69,255.3 1 0
github.com/Smart-Vision-Works/svw_mono/stage_linmot_ct/safety/preconditions.go:257.2,257.12 1 1
github.com/Smart-Vision-Works/svw_mono/stage_linmot_ct/safety/preconditions.go:261.58,262.21 1 1
github.com/Smart-Vision-Works/svw_mono/stage_linmot_ct/safety/preconditions.go:263.107,264.14 1 1
github.com/Smart-Vision-Works/svw_mono/stage_linmot_ct/safety/preconditions.go:265.10,266.15 1 0
github.com/Smart-Vision-Works/svw_mono/stage_linmot_ct/safety/preconditions.go:278.77,284.2 1 1
github.com/Smart-Vision-Works/svw_mono/stage_linmot_ct/safety/preconditions.go:287.105,289.48 1 1
github.com/Smart-Vision-Works/svw_mono/stage_linmot_ct/safety/preconditions.go:289.48,290.22 1 1
github.com/Smart-Vision-Works/svw_mono/stage_linmot_ct/safety/preconditions.go:291.23,293.63 1 1
github.com/Smart-Vision-Works/svw_mono/stage_linmot_ct/safety/preconditions.go:293.63,295.5 1 0
github.com/Smart-Vision-Works/svw_mono/stage_linmot_ct/safety/preconditions.go:298.4,302.23 3 1
github.com/Smart-Vision-Works/svw_mono/stage_linmot_ct/safety/preconditions.go:302.23,304.5 1 0
github.com/Smart-Vision-Works/svw_mono/stage_linmot_ct/safety/preconditions.go:306.4,306.22 1 1
github.com/Smart-Vision-Works/svw_mono/stage_linmot_ct/safety/preconditions.go:306.22,308.5 1 0
github.com/Smart-Vision-Works/svw_mono/stage_linmot_ct/safety/preconditions.go:311.4,311.82 1 1
github.com/Smart-Vision-Works/svw_mono/stage_linmot_ct/safety/preconditions.go:313.22,315.38 1 0
github.com/Smart-Vision-Works/svw_mono/stage_linmot_ct/safety/preconditions.go:315.38,318.5 1 0
github.com/Smart-Vision-Works/svw_mono/stage_linmot_ct/safety/preconditions.go:322.2,322.53 1 1
github.com/Smart-Vision-Works/svw_mono/stage_linmot_ct/safety/preconditions.go:326.56,328.2 1 1
github.com/Smart-Vision-Works/svw_mono/stage_linmot_ct/safety/preconditions.go:331.61,333.2 1 1
